2025-05-05 11:14:54,059 - INFO - cnn Starting training run 20250505_111454
2025-05-05 21:36:20,708 - INFO -                  precision    recall  f1-score   support

  Fetal abdomen       0.79      0.03      0.06       358
    Fetal brain       0.90      0.97      0.94      1472
    Fetal femur       0.74      0.73      0.74       524
   Fetal thorax       0.66      0.81      0.73       660
Maternal cervix       0.83      1.00      0.91       645
          Other       0.75      0.73      0.74      1612

       accuracy                           0.79      5271
      macro avg       0.78      0.71      0.68      5271
   weighted avg       0.79      0.79      0.77      5271

2025-05-05 21:36:40,766 - INFO - cnn Run 20250505_111454 completed - Validation Accuracy: 81.88%, Validation Loss: 0.5113
2025-05-05 21:46:58,213 - INFO - cnn Run 20250505_111454 - Test Accuracy: 79.06%, Test Loss: 0.6060
2025-05-05 23:23:55,399 - INFO - Ending training run 20250505_111454
2025-05-05 23:27:33,637 - INFO - resnet50 Starting training run 20250505_232733
2025-05-06 01:45:49,080 - INFO -                  precision    recall  f1-score   support

  Fetal abdomen       0.00      0.00      0.00       358
    Fetal brain       0.75      0.92      0.83      1472
    Fetal femur       0.00      0.00      0.00       524
   Fetal thorax       0.69      0.16      0.26       660
Maternal cervix       0.79      0.98      0.87       645
          Other       0.55      0.86      0.67      1612

       accuracy                           0.66      5271
      macro avg       0.46      0.49      0.44      5271
   weighted avg       0.56      0.66      0.58      5271

2025-05-06 01:46:00,892 - INFO - resnet50 Run 20250505_232733 completed - Validation Accuracy: 75.63%, Validation Loss: 0.7192
2025-05-06 01:52:33,716 - INFO - resnet50 Run 20250505_232733 - Test Accuracy: 66.14%, Test Loss: 0.9148
2025-05-06 12:05:37,636 - INFO - Ending training run 20250505_232733
2025-05-06 12:08:43,168 - INFO - inception Starting training run 20250506_120843
2025-05-06 15:24:05,173 - INFO -                  precision    recall  f1-score   support

  Fetal abdomen       0.65      0.72      0.68       358
    Fetal brain       0.94      0.96      0.95      1472
    Fetal femur       0.64      0.80      0.71       524
   Fetal thorax       0.81      0.80      0.81       660
Maternal cervix       0.94      1.00      0.97       645
          Other       0.85      0.72      0.78      1612

       accuracy                           0.84      5271
      macro avg       0.80      0.83      0.82      5271
   weighted avg       0.85      0.84      0.84      5271

2025-05-06 15:25:18,071 - INFO - inception Run 20250506_120843 completed - Validation Accuracy: 86.45%, Validation Loss: 0.3642
2025-05-06 15:31:22,718 - INFO - inception Run 20250506_120843 - Test Accuracy: 84.03%, Test Loss: 0.4441
2025-05-06 15:33:39,321 - INFO - Ending training run 20250506_120843
