2025-04-01 15:25:23,244 - INFO - Starting training run 20250401_152523
2025-04-01 15:27:52,298 - INFO - Starting training run 20250401_152752
2025-04-01 15:30:17,324 - INFO - Starting training run 20250401_153017
2025-04-01 15:47:32,621 - INFO - Run 20250401_153017 completed - Validation Accuracy: 61.99%, Validation Loss: 1.4583
2025-04-01 16:06:55,326 - INFO - Starting training run 20250401_160655
2025-04-01 16:19:22,587 - INFO - Run 20250401_160655 completed - Validation Accuracy: 46.56%, Validation Loss: 2.5993
2025-04-01 16:19:22,591 - INFO - Ending training run 20250401_160655
2025-04-01 16:31:29,832 - INFO - Starting training run 20250401_163129
2025-04-01 17:00:20,367 - INFO - Creating new data splits
2025-04-01 17:00:20,571 - INFO - New data splits saved to CSV files
2025-04-01 17:00:20,571 - INFO - Split sizes - Train: 6059, Val: 1070, Test: 5271
2025-04-01 17:00:21,284 - INFO - Starting training run 20250401_170021
2025-04-01 17:08:08,426 - INFO - Epoch 1 - Train Loss: 2.8024, Train Acc: 0.3897, Val Loss: 2.1716, Val Acc: 0.3688
2025-04-01 17:08:14,812 - INFO - Run 20250401_170021 completed - Validation Accuracy: 41.87%, Validation Loss: 2.1202
2025-04-01 17:11:12,596 - INFO - Run 20250401_170021 - Test Accuracy: 33.79%, Test Loss: 2.4677
2025-04-01 17:13:04,340 - INFO - Loading existing data splits from CSV files
2025-04-01 17:13:04,416 - INFO - Split sizes - Train: 6059, Val: 1070, Test: 5271
2025-04-01 17:13:04,858 - INFO - Starting training run 20250401_171304
2025-04-01 17:25:19,031 - INFO - Epoch 1 - Train Loss: 4.3863, Train Acc: 0.4128, Val Loss: 3.1993, Val Acc: 0.1063
2025-04-01 17:25:34,967 - INFO - Run 20250401_171304 completed - Validation Accuracy: 11.87%, Validation Loss: 3.1886
2025-04-01 17:28:34,323 - INFO - Run 20250401_171304 - Test Accuracy: 11.42%, Test Loss: 2.9603
2025-04-01 17:28:34,327 - INFO - Ending training run 20250401_171304
2025-04-01 17:34:01,252 - INFO - Loading existing data splits from CSV files
2025-04-01 17:34:01,315 - INFO - Split sizes - Train: 6059, Val: 1070, Test: 5271
2025-04-01 17:34:35,961 - INFO - Loading existing data splits from CSV files
2025-04-01 17:34:36,057 - INFO - Split sizes - Train: 6059, Val: 1070, Test: 5271
2025-04-01 17:46:36,484 - INFO - Loading existing data splits from CSV files
2025-04-01 17:46:36,559 - INFO - Split sizes - Train: 6059, Val: 1070, Test: 5271
2025-04-01 17:46:39,968 - INFO - Starting training run 20250401_174639
2025-04-01 17:55:28,239 - INFO - Epoch 1 - Train Loss: 1.6376, Train Acc: 0.3595, Val Loss: 1.4420, Val Acc: 0.4313
2025-04-01 17:55:44,221 - INFO - Run 20250401_174639 completed - Validation Accuracy: 43.13%, Validation Loss: 1.4420
2025-04-01 18:05:04,481 - INFO - Run 20250401_174639 - Test Accuracy: 34.91%, Test Loss: 1.5811
2025-04-01 18:05:04,486 - INFO - Ending training run 20250401_174639
2025-04-01 23:09:37,823 - INFO - Loading existing data splits from CSV files
2025-04-01 23:09:37,939 - INFO - Split sizes - Train: 6059, Val: 1070, Test: 5271
2025-04-01 23:11:49,195 - INFO - Loading existing data splits from CSV files
2025-04-01 23:11:49,286 - INFO - Split sizes - Train: 6059, Val: 1070, Test: 5271
2025-04-01 23:11:51,230 - INFO - Starting training run 20250401_231151
2025-04-01 23:20:03,271 - INFO - Epoch 1 - Train Loss: 1.6495, Train Acc: 0.3466, Val Loss: 1.6179, Val Acc: 0.3645
2025-04-01 23:21:08,103 - INFO - Run 20250401_231151 completed - Validation Accuracy: 36.45%, Validation Loss: 1.6179
2025-04-01 23:25:44,433 - INFO - Run 20250401_231151 - Test Accuracy: 30.58%, Test Loss: 1.6709
2025-04-01 23:25:44,438 - INFO - Ending training run 20250401_231151
2025-04-01 23:27:51,713 - INFO - Loading existing data splits from CSV files
2025-04-01 23:27:51,817 - INFO - Split sizes - Train: 6059, Val: 1070, Test: 5271
2025-04-01 23:27:52,757 - INFO - Starting training run 20250401_232752
2025-04-01 23:36:36,892 - INFO - Epoch 1 - Train Loss: 2.7799, Train Acc: 0.3710, Val Loss: 2.6680, Val Acc: 0.3875
2025-04-01 23:44:15,324 - INFO - Epoch 2 - Train Loss: 1.5110, Train Acc: 0.4187, Val Loss: 1.9521, Val Acc: 0.3562
2025-04-01 23:51:53,917 - INFO - Epoch 3 - Train Loss: 1.3974, Train Acc: 0.4550, Val Loss: 1.5308, Val Acc: 0.4062
2025-04-01 23:59:40,341 - INFO - Epoch 4 - Train Loss: 1.3539, Train Acc: 0.4496, Val Loss: 1.3599, Val Acc: 0.5312
2025-04-02 00:07:25,655 - INFO - Epoch 5 - Train Loss: 1.3237, Train Acc: 0.4649, Val Loss: 8.5525, Val Acc: 0.4125
2025-04-02 00:15:10,389 - INFO - Epoch 6 - Train Loss: 1.3242, Train Acc: 0.4773, Val Loss: 1.1564, Val Acc: 0.6125
2025-04-02 00:22:22,326 - INFO - Epoch 7 - Train Loss: 1.2334, Train Acc: 0.4968, Val Loss: 1.4556, Val Acc: 0.5437
2025-04-02 00:29:29,323 - INFO - Epoch 8 - Train Loss: 1.2414, Train Acc: 0.5002, Val Loss: 1.9516, Val Acc: 0.5875
2025-04-02 00:36:39,896 - INFO - Epoch 9 - Train Loss: 1.2259, Train Acc: 0.5115, Val Loss: 1.3179, Val Acc: 0.5312
2025-04-02 00:36:46,049 - INFO - Run 20250401_232752 completed - Validation Accuracy: 59.38%, Validation Loss: 1.2953
2025-04-02 00:39:32,186 - INFO - Run 20250401_232752 - Test Accuracy: 46.67%, Test Loss: 1.4768
2025-04-02 00:39:32,189 - INFO - Ending training run 20250401_232752
2025-04-02 09:18:28,621 - INFO - Loading existing data splits from CSV files
2025-04-02 09:18:28,696 - INFO - Split sizes - Train: 6059, Val: 1070, Test: 5271
2025-04-02 09:18:31,943 - INFO - Starting training run 20250402_091831
2025-04-02 09:26:31,014 - INFO - Epoch 1 - Train Loss: 1.6274, Train Acc: 0.3630, Val Loss: 1.4506, Val Acc: 0.4375
2025-04-02 09:33:38,260 - INFO - Epoch 2 - Train Loss: 1.5421, Train Acc: 0.3999, Val Loss: 1.3812, Val Acc: 0.5000
2025-04-02 09:40:38,310 - INFO - Epoch 3 - Train Loss: 1.4541, Train Acc: 0.4382, Val Loss: 1.3239, Val Acc: 0.5562
2025-04-02 09:48:24,562 - INFO - Epoch 4 - Train Loss: 1.3833, Train Acc: 0.4725, Val Loss: 1.1818, Val Acc: 0.5625
2025-04-02 09:55:27,160 - INFO - Epoch 5 - Train Loss: 1.3069, Train Acc: 0.5220, Val Loss: 1.1304, Val Acc: 0.6125
2025-04-02 10:02:33,584 - INFO - Epoch 6 - Train Loss: 1.2600, Train Acc: 0.5461, Val Loss: 1.0870, Val Acc: 0.6000
2025-04-02 10:09:35,944 - INFO - Epoch 7 - Train Loss: 1.1825, Train Acc: 0.5867, Val Loss: 1.0346, Val Acc: 0.6250
2025-04-02 12:21:41,095 - INFO - Loading existing data splits from CSV files
2025-04-02 12:21:41,146 - INFO - Split sizes - Train: 6059, Val: 1070, Test: 5271
2025-04-02 12:21:41,494 - INFO - cnn Starting training run 20250402_122141
2025-04-02 12:23:47,453 - INFO - Loading existing data splits from CSV files
2025-04-02 12:23:47,503 - INFO - Split sizes - Train: 6059, Val: 1070, Test: 5271
2025-04-02 12:23:47,763 - INFO - cnn Starting training run 20250402_122347
2025-04-02 12:31:20,571 - INFO - Epoch 1 - Train Loss: 3.0582, Train Acc: 0.3968, Val Loss: 4.5299, Val Acc: 0.2875
2025-04-02 12:31:25,605 - INFO - cnn Run 20250402_122347 completed - Validation Accuracy: 29.37%, Validation Loss: 4.5739
2025-04-02 12:33:32,677 - INFO - cnn Run 20250402_122347 - Test Accuracy: 27.53%, Test Loss: 4.5344
2025-04-02 12:33:32,679 - INFO - Ending training run 20250402_122347
2025-04-02 12:33:32,690 - INFO - Loading existing data splits from CSV files
2025-04-02 12:33:32,742 - INFO - Split sizes - Train: 6059, Val: 1070, Test: 5271
2025-04-02 12:33:33,993 - INFO - ResNet50 Starting training run 20250402_123333
2025-04-02 12:38:29,820 - INFO - Epoch 1 - Train Loss: 1.6294, Train Acc: 0.3621, Val Loss: 1.4548, Val Acc: 0.4125
2025-04-02 12:38:40,880 - INFO - ResNet50 Run 20250402_123333 completed - Validation Accuracy: 41.25%, Validation Loss: 1.4548
2025-04-02 12:52:22,940 - INFO - ResNet50 Run 20250402_123333 - Test Accuracy: 33.33%, Test Loss: 1.5940
2025-04-02 12:52:22,945 - INFO - Ending training run 20250402_123333
2025-04-02 12:52:22,967 - INFO - Loading existing data splits from CSV files
2025-04-02 12:52:23,030 - INFO - Split sizes - Train: 6059, Val: 1070, Test: 5271
2025-04-02 12:52:25,178 - INFO - efficientNet Starting training run 20250402_125225
2025-04-02 12:57:33,561 - INFO - Epoch 1 - Train Loss: 1.6459, Train Acc: 0.3507, Val Loss: 1.6016, Val Acc: 0.3645
2025-04-02 12:58:15,239 - INFO - efficientNet Run 20250402_125225 completed - Validation Accuracy: 36.45%, Validation Loss: 1.6016
2025-04-02 13:01:35,678 - INFO - efficientNet Run 20250402_125225 - Test Accuracy: 30.58%, Test Loss: 1.6681
2025-04-02 13:01:35,683 - INFO - Ending training run 20250402_125225
2025-04-02 13:08:42,226 - INFO - Loading existing data splits from CSV files
2025-04-02 13:08:42,316 - INFO - Split sizes - Train: 6059, Val: 1070, Test: 5271
2025-04-02 13:08:43,078 - INFO - cnn Starting training run 20250402_130843
2025-04-02 13:17:46,599 - INFO - Epoch 1 - Train Loss: 2.9525, Train Acc: 0.3806, Val Loss: 4.9146, Val Acc: 0.2500
2025-04-02 13:27:21,759 - INFO - Epoch 2 - Train Loss: 1.4640, Train Acc: 0.4397, Val Loss: 1.5987, Val Acc: 0.4187
2025-04-02 13:37:30,701 - INFO - Epoch 3 - Train Loss: 1.4139, Train Acc: 0.4478, Val Loss: 1.4002, Val Acc: 0.5750
2025-04-02 13:47:05,425 - INFO - Epoch 4 - Train Loss: 1.3432, Train Acc: 0.4765, Val Loss: 1.3650, Val Acc: 0.4875
2025-04-02 13:55:25,402 - INFO - Epoch 5 - Train Loss: 1.3849, Train Acc: 0.4448, Val Loss: 1.2582, Val Acc: 0.5500
2025-04-02 14:02:08,291 - INFO - Epoch 6 - Train Loss: 1.4669, Train Acc: 0.3895, Val Loss: 1.1788, Val Acc: 0.5562
2025-04-02 14:09:18,036 - INFO - Epoch 7 - Train Loss: 1.3051, Train Acc: 0.4699, Val Loss: 4.6757, Val Acc: 0.4500
2025-04-02 14:16:47,562 - INFO - Epoch 8 - Train Loss: 1.2586, Train Acc: 0.4892, Val Loss: 1.0711, Val Acc: 0.6313
2025-04-02 14:23:47,356 - INFO - Epoch 9 - Train Loss: 1.2062, Train Acc: 0.5060, Val Loss: 1.3885, Val Acc: 0.5562
2025-04-02 14:31:12,738 - INFO - Epoch 10 - Train Loss: 1.2396, Train Acc: 0.4953, Val Loss: 1.2132, Val Acc: 0.5312
2025-04-02 14:31:18,728 - INFO - cnn Run 20250402_130843 completed - Validation Accuracy: 61.87%, Validation Loss: 1.0804
2025-04-02 14:34:03,259 - INFO - cnn Run 20250402_130843 - Test Accuracy: 45.84%, Test Loss: 1.3745
2025-04-02 14:34:03,263 - INFO - Ending training run 20250402_130843
2025-04-02 14:34:03,280 - INFO - Loading existing data splits from CSV files
2025-04-02 14:34:03,360 - INFO - Split sizes - Train: 6059, Val: 1070, Test: 5271
2025-04-02 14:34:05,181 - INFO - ResNet50 Starting training run 20250402_143405
2025-04-02 14:40:45,333 - INFO - Epoch 1 - Train Loss: 1.6318, Train Acc: 0.3727, Val Loss: 1.4377, Val Acc: 0.4625
2025-04-02 14:46:21,152 - INFO - Epoch 2 - Train Loss: 1.5173, Train Acc: 0.4147, Val Loss: 1.3744, Val Acc: 0.5000
2025-04-02 14:52:44,949 - INFO - Epoch 3 - Train Loss: 1.4521, Train Acc: 0.4384, Val Loss: 1.3121, Val Acc: 0.5188
2025-04-02 14:58:49,451 - INFO - Epoch 4 - Train Loss: 1.3646, Train Acc: 0.4768, Val Loss: 1.1610, Val Acc: 0.5625
2025-04-02 16:13:26,281 - INFO - Loading existing data splits from CSV files
2025-04-02 16:13:26,362 - INFO - Split sizes - Train: 6059, Val: 1070, Test: 5271
2025-04-02 16:13:26,950 - INFO - cnn Starting training run 20250402_161326
2025-04-02 16:23:00,269 - INFO - Epoch 1 - Train Loss: 2.8538, Train Acc: 0.4318, Val Loss: 2.9186, Val Acc: 0.3250
2025-04-02 16:29:51,451 - INFO - Epoch 2 - Train Loss: 1.4351, Train Acc: 0.4857, Val Loss: 1.6560, Val Acc: 0.4125
2025-04-02 16:36:39,399 - INFO - Epoch 3 - Train Loss: 1.3036, Train Acc: 0.5153, Val Loss: 3.1271, Val Acc: 0.4875
2025-04-02 16:43:21,705 - INFO - Epoch 4 - Train Loss: 1.2500, Train Acc: 0.5237, Val Loss: 8.4590, Val Acc: 0.4062
2025-04-02 16:49:56,206 - INFO - Epoch 5 - Train Loss: 1.1782, Train Acc: 0.5377, Val Loss: 3.1755, Val Acc: 0.5875
2025-04-02 16:50:02,335 - INFO - cnn Run 20250402_161326 completed - Validation Accuracy: 42.50%, Validation Loss: 1.7013
2025-04-02 16:52:47,146 - INFO - cnn Run 20250402_161326 - Test Accuracy: 33.81%, Test Loss: 1.6645
2025-04-02 16:52:47,148 - INFO - Ending training run 20250402_161326
2025-04-02 16:52:47,164 - INFO - Loading existing data splits from CSV files
2025-04-02 16:52:47,238 - INFO - Split sizes - Train: 6059, Val: 1070, Test: 5271
2025-04-02 16:52:48,740 - INFO - ResNet50 Starting training run 20250402_165248
2025-04-02 16:58:14,897 - INFO - Epoch 1 - Train Loss: 1.6039, Train Acc: 0.3694, Val Loss: 1.4882, Val Acc: 0.4500
2025-04-02 17:03:20,912 - INFO - Epoch 2 - Train Loss: 1.5321, Train Acc: 0.4081, Val Loss: 1.3430, Val Acc: 0.5000
2025-04-02 17:08:05,361 - INFO - Epoch 3 - Train Loss: 1.4522, Train Acc: 0.4450, Val Loss: 1.2530, Val Acc: 0.5375
2025-04-02 17:13:05,778 - INFO - Epoch 4 - Train Loss: 1.4007, Train Acc: 0.4735, Val Loss: 1.2001, Val Acc: 0.5562
2025-04-02 17:18:03,103 - INFO - Epoch 5 - Train Loss: 1.3171, Train Acc: 0.5102, Val Loss: 1.1309, Val Acc: 0.5938
2025-04-02 17:23:09,447 - INFO - Epoch 6 - Train Loss: 1.2560, Train Acc: 0.5479, Val Loss: 1.0756, Val Acc: 0.7000
2025-04-02 17:27:58,281 - INFO - Epoch 7 - Train Loss: 1.2093, Train Acc: 0.5597, Val Loss: 0.9996, Val Acc: 0.6750
2025-04-02 17:32:52,378 - INFO - Epoch 8 - Train Loss: 1.1584, Train Acc: 0.5836, Val Loss: 0.9400, Val Acc: 0.7312
2025-04-02 17:37:45,467 - INFO - Epoch 9 - Train Loss: 1.1275, Train Acc: 0.5875, Val Loss: 0.9336, Val Acc: 0.6812
2025-04-02 17:42:45,344 - INFO - Epoch 10 - Train Loss: 1.1032, Train Acc: 0.6003, Val Loss: 0.8816, Val Acc: 0.7375
2025-04-02 17:42:56,772 - INFO - ResNet50 Run 20250402_165248 completed - Validation Accuracy: 73.75%, Validation Loss: 0.8816
2025-04-02 17:48:02,650 - INFO - ResNet50 Run 20250402_165248 - Test Accuracy: 63.95%, Test Loss: 1.0635
2025-04-02 17:48:02,655 - INFO - Ending training run 20250402_165248
2025-04-02 17:48:02,671 - INFO - Loading existing data splits from CSV files
2025-04-02 17:48:02,735 - INFO - Split sizes - Train: 6059, Val: 1070, Test: 5271
2025-04-02 17:48:04,499 - INFO - efficientNet Starting training run 20250402_174804
2025-04-02 17:52:31,927 - INFO - Epoch 1 - Train Loss: 1.6479, Train Acc: 0.3451, Val Loss: 1.6071, Val Acc: 0.3645
2025-04-02 17:56:38,344 - INFO - Epoch 2 - Train Loss: 1.6324, Train Acc: 0.3601, Val Loss: 1.6029, Val Acc: 0.3645
2025-04-02 18:00:51,113 - INFO - Epoch 3 - Train Loss: 1.6265, Train Acc: 0.3646, Val Loss: 1.6166, Val Acc: 0.3645
2025-04-02 18:04:49,441 - INFO - Epoch 4 - Train Loss: 1.6271, Train Acc: 0.3649, Val Loss: 1.6021, Val Acc: 0.3645
2025-04-02 18:08:52,299 - INFO - Epoch 5 - Train Loss: 1.6224, Train Acc: 0.3649, Val Loss: 1.6185, Val Acc: 0.3645
2025-04-02 18:12:56,090 - INFO - Epoch 6 - Train Loss: 1.6190, Train Acc: 0.3649, Val Loss: 1.6004, Val Acc: 0.3645
2025-04-02 18:17:02,773 - INFO - Epoch 7 - Train Loss: 1.6122, Train Acc: 0.3649, Val Loss: 1.6004, Val Acc: 0.3645
2025-04-02 18:21:05,608 - INFO - Epoch 8 - Train Loss: 1.6156, Train Acc: 0.3649, Val Loss: 1.6025, Val Acc: 0.3645
2025-04-02 18:25:18,814 - INFO - Epoch 9 - Train Loss: 1.6083, Train Acc: 0.3649, Val Loss: 1.6015, Val Acc: 0.3645
2025-04-02 18:25:59,104 - INFO - efficientNet Run 20250402_174804 completed - Validation Accuracy: 36.45%, Validation Loss: 1.6004
2025-04-02 18:29:14,994 - INFO - efficientNet Run 20250402_174804 - Test Accuracy: 30.58%, Test Loss: 1.6664
2025-04-02 18:29:14,999 - INFO - Ending training run 20250402_174804
2025-04-02 21:29:18,789 - INFO - Loading existing data splits from CSV files
2025-04-02 21:29:18,856 - INFO - Split sizes - Train: 6059, Val: 1070, Test: 5271
2025-04-02 21:29:19,280 - INFO - cnn Starting training run 20250402_212919
2025-04-02 21:37:13,239 - INFO - Epoch 1 - Train Loss: 2.5862, Train Acc: 0.3895, Val Loss: 3.4207, Val Acc: 0.1937
2025-04-02 21:43:58,429 - INFO - Epoch 2 - Train Loss: 1.5588, Train Acc: 0.4025, Val Loss: 1.6841, Val Acc: 0.4062
2025-04-02 21:50:34,982 - INFO - Epoch 3 - Train Loss: 1.3981, Train Acc: 0.4481, Val Loss: 1.7630, Val Acc: 0.5000
2025-04-02 21:57:07,994 - INFO - Epoch 4 - Train Loss: 1.3189, Train Acc: 0.4832, Val Loss: 4.2939, Val Acc: 0.4375
2025-04-02 22:03:42,191 - INFO - Epoch 5 - Train Loss: 1.2917, Train Acc: 0.5082, Val Loss: 1.4800, Val Acc: 0.5000
2025-04-02 22:10:21,340 - INFO - Epoch 6 - Train Loss: 1.2056, Train Acc: 0.5372, Val Loss: 1.6042, Val Acc: 0.6313
2025-04-02 22:17:05,576 - INFO - Epoch 7 - Train Loss: 1.1498, Train Acc: 0.5674, Val Loss: 1.0256, Val Acc: 0.6562
2025-04-02 22:23:59,489 - INFO - Epoch 8 - Train Loss: 1.1217, Train Acc: 0.5801, Val Loss: 1.0041, Val Acc: 0.6375
2025-04-02 22:30:49,286 - INFO - Epoch 9 - Train Loss: 1.0803, Train Acc: 0.5897, Val Loss: 13.7462, Val Acc: 0.4250
2025-04-02 22:37:32,636 - INFO - Epoch 10 - Train Loss: 1.0564, Train Acc: 0.6009, Val Loss: 0.9248, Val Acc: 0.6625
2025-04-02 22:44:10,026 - INFO - Epoch 11 - Train Loss: 0.9937, Train Acc: 0.6197, Val Loss: 0.9011, Val Acc: 0.6375
2025-04-02 22:50:41,937 - INFO - Epoch 12 - Train Loss: 0.9941, Train Acc: 0.6287, Val Loss: 1.1083, Val Acc: 0.5938
2025-04-02 22:57:17,202 - INFO - Epoch 13 - Train Loss: 0.9936, Train Acc: 0.6247, Val Loss: 1.3119, Val Acc: 0.6625
2025-04-02 23:03:49,065 - INFO - Epoch 14 - Train Loss: 0.9648, Train Acc: 0.6417, Val Loss: 1.1440, Val Acc: 0.5688
2025-04-02 23:03:54,068 - INFO - cnn Run 20250402_212919 completed - Validation Accuracy: 64.38%, Validation Loss: 0.9149
2025-04-02 23:06:26,250 - INFO - cnn Run 20250402_212919 - Test Accuracy: 52.27%, Test Loss: 1.2056
2025-04-02 23:06:26,254 - INFO - Ending training run 20250402_212919
2025-04-02 23:06:26,264 - INFO - Loading existing data splits from CSV files
2025-04-02 23:06:26,330 - INFO - Split sizes - Train: 6059, Val: 1070, Test: 5271
2025-04-02 23:06:28,039 - INFO - ResNet50 Starting training run 20250402_230628
2025-04-02 23:12:04,771 - INFO - Epoch 1 - Train Loss: 1.6463, Train Acc: 0.3493, Val Loss: 1.4490, Val Acc: 0.3938
2025-04-02 23:16:48,647 - INFO - Epoch 2 - Train Loss: 1.5369, Train Acc: 0.4024, Val Loss: 1.3746, Val Acc: 0.4563
2025-04-02 23:21:47,512 - INFO - Epoch 3 - Train Loss: 1.4656, Train Acc: 0.4339, Val Loss: 1.2893, Val Acc: 0.5250
2025-04-02 23:26:35,956 - INFO - Epoch 4 - Train Loss: 1.3980, Train Acc: 0.4560, Val Loss: 1.1988, Val Acc: 0.5750
2025-04-02 23:31:33,311 - INFO - Epoch 5 - Train Loss: 1.3190, Train Acc: 0.5003, Val Loss: 1.1573, Val Acc: 0.5813
2025-04-02 23:36:19,454 - INFO - Epoch 6 - Train Loss: 1.2537, Train Acc: 0.5533, Val Loss: 1.0436, Val Acc: 0.6187
2025-04-02 23:41:03,517 - INFO - Epoch 7 - Train Loss: 1.1965, Train Acc: 0.5713, Val Loss: 1.0028, Val Acc: 0.6625
2025-04-02 23:46:04,380 - INFO - Epoch 8 - Train Loss: 1.1489, Train Acc: 0.5894, Val Loss: 0.9296, Val Acc: 0.6750
2025-04-02 23:50:59,339 - INFO - Epoch 9 - Train Loss: 1.0902, Train Acc: 0.6113, Val Loss: 0.9428, Val Acc: 0.6938
2025-04-02 23:55:54,411 - INFO - Epoch 10 - Train Loss: 1.0521, Train Acc: 0.6278, Val Loss: 0.9180, Val Acc: 0.7250
2025-04-03 00:00:51,873 - INFO - Epoch 11 - Train Loss: 1.0336, Train Acc: 0.6261, Val Loss: 0.8456, Val Acc: 0.7063
2025-04-03 00:05:52,734 - INFO - Epoch 12 - Train Loss: 1.0029, Train Acc: 0.6327, Val Loss: 0.7929, Val Acc: 0.7188
2025-04-03 00:10:40,653 - INFO - Epoch 13 - Train Loss: 1.0060, Train Acc: 0.6278, Val Loss: 0.8370, Val Acc: 0.7000
2025-04-03 00:15:45,507 - INFO - Epoch 14 - Train Loss: 0.9612, Train Acc: 0.6420, Val Loss: 0.7606, Val Acc: 0.7312
2025-04-03 00:20:39,525 - INFO - Epoch 15 - Train Loss: 0.9590, Train Acc: 0.6422, Val Loss: 0.7704, Val Acc: 0.7312
2025-04-03 00:25:53,634 - INFO - Epoch 16 - Train Loss: 0.9265, Train Acc: 0.6544, Val Loss: 0.7257, Val Acc: 0.7437
2025-04-03 00:30:40,404 - INFO - Epoch 17 - Train Loss: 0.9092, Train Acc: 0.6542, Val Loss: 0.7003, Val Acc: 0.7563
2025-04-03 00:35:39,699 - INFO - Epoch 18 - Train Loss: 0.8966, Train Acc: 0.6663, Val Loss: 0.7355, Val Acc: 0.7063
2025-04-03 00:40:18,080 - INFO - Epoch 19 - Train Loss: 0.9029, Train Acc: 0.6529, Val Loss: 0.6870, Val Acc: 0.7375
2025-04-03 00:45:03,342 - INFO - Epoch 20 - Train Loss: 0.8842, Train Acc: 0.6605, Val Loss: 0.6696, Val Acc: 0.7563
2025-04-03 00:45:13,625 - INFO - ResNet50 Run 20250402_230628 completed - Validation Accuracy: 75.63%, Validation Loss: 0.6696
2025-04-03 00:50:59,003 - INFO - ResNet50 Run 20250402_230628 - Test Accuracy: 69.10%, Test Loss: 0.8221
2025-04-03 00:50:59,008 - INFO - Ending training run 20250402_230628
2025-04-03 00:50:59,025 - INFO - Loading existing data splits from CSV files
2025-04-03 00:50:59,098 - INFO - Split sizes - Train: 6059, Val: 1070, Test: 5271
2025-04-03 00:51:01,090 - INFO - efficientNet Starting training run 20250403_005101
2025-04-03 00:55:25,610 - INFO - Epoch 1 - Train Loss: 1.6524, Train Acc: 0.3443, Val Loss: 1.6106, Val Acc: 0.3645
2025-04-03 00:59:30,714 - INFO - Epoch 2 - Train Loss: 1.6312, Train Acc: 0.3646, Val Loss: 1.6331, Val Acc: 0.3645
2025-04-03 01:03:37,034 - INFO - Epoch 3 - Train Loss: 1.6296, Train Acc: 0.3649, Val Loss: 1.6023, Val Acc: 0.3645
2025-04-03 01:07:52,277 - INFO - Epoch 4 - Train Loss: 1.6163, Train Acc: 0.3649, Val Loss: 1.6012, Val Acc: 0.3645
2025-04-03 01:12:00,358 - INFO - Epoch 5 - Train Loss: 1.6169, Train Acc: 0.3649, Val Loss: 1.6014, Val Acc: 0.3645
2025-04-03 01:16:08,395 - INFO - Epoch 6 - Train Loss: 1.6166, Train Acc: 0.3649, Val Loss: 1.6044, Val Acc: 0.3645
2025-04-03 01:20:08,424 - INFO - Epoch 7 - Train Loss: 1.6135, Train Acc: 0.3649, Val Loss: 1.6031, Val Acc: 0.3645
2025-04-03 01:20:49,924 - INFO - efficientNet Run 20250403_005101 completed - Validation Accuracy: 36.45%, Validation Loss: 1.6012
2025-04-03 01:24:20,072 - INFO - efficientNet Run 20250403_005101 - Test Accuracy: 30.58%, Test Loss: 1.6760
2025-04-03 01:24:20,095 - INFO - Ending training run 20250403_005101
2025-04-06 12:37:58,425 - INFO - Loading existing data splits from CSV files
2025-04-06 12:37:58,492 - INFO - Split sizes - Train: 6059, Val: 1070, Test: 5271
2025-04-06 12:38:00,388 - INFO - cnn Starting training run 20250406_123800
2025-04-06 12:41:54,261 - INFO - Loading existing data splits from CSV files
2025-04-06 12:41:54,319 - INFO - Split sizes - Train: 6059, Val: 1070, Test: 5271
2025-04-06 12:41:55,685 - INFO - cnn Starting training run 20250406_124155
2025-04-06 13:47:27,778 - INFO - Epoch 1 - Train Loss: 1.3412, Train Acc: 0.5519, Val Loss: 3.4197, Val Acc: 0.1875
2025-04-22 11:19:12,238 - INFO - Using CPU
2025-04-22 11:20:26,652 - INFO - Using CPU
2025-04-22 11:20:26,705 - INFO - Loading existing data splits from CSV files
2025-04-22 11:20:26,778 - INFO - Split sizes - Train: 6059, Val: 1070, Test: 5271
2025-04-22 11:21:53,470 - INFO - Using CPU
2025-04-22 11:21:53,523 - INFO - Loading existing data splits from CSV files
2025-04-22 11:21:53,590 - INFO - Split sizes - Train: 6059, Val: 1070, Test: 5271
2025-04-22 11:24:25,423 - INFO - Using CPU
2025-04-22 11:24:25,469 - INFO - Loading existing data splits from CSV files
2025-04-22 11:24:25,529 - INFO - Split sizes - Train: 6059, Val: 1070, Test: 5271
2025-04-22 11:26:20,204 - INFO - Using CPU
2025-04-22 11:26:20,260 - INFO - Loading existing data splits from CSV files
2025-04-22 11:26:20,339 - INFO - Split sizes - Train: 6059, Val: 1070, Test: 5271
2025-04-22 11:27:16,950 - INFO - Using CPU
2025-04-22 11:27:16,980 - INFO - Loading existing data splits from CSV files
2025-04-22 11:27:17,051 - INFO - Split sizes - Train: 6059, Val: 1070, Test: 5271
2025-04-22 11:27:18,372 - INFO - cnn Starting training run 20250422_112718
2025-04-22 11:29:46,665 - INFO - Using CPU
2025-04-22 11:29:46,703 - INFO - Loading existing data splits from CSV files
2025-04-22 11:29:46,777 - INFO - Split sizes - Train: 6059, Val: 1070, Test: 5271
2025-04-22 11:29:47,646 - INFO - cnn Starting training run 20250422_112947
2025-04-22 11:31:38,886 - INFO - Using CPU
2025-04-22 11:31:38,930 - INFO - Creating new data splits
2025-04-22 11:31:39,116 - INFO - New data splits saved to CSV files
2025-04-22 11:31:39,117 - INFO - Split sizes - Train: 6059, Val: 1070, Test: 5271
2025-04-22 11:31:45,722 - INFO - inception Starting training run 20250422_113145
2025-04-22 11:40:58,948 - INFO - Epoch 1 - Train Loss: 1.1465, Train Acc: 0.5800, Val Loss: 0.6033, Val Acc: 0.8028
2025-04-22 11:48:24,702 - INFO - Results are [0.6032533049583435, 0.8028037548065186, 0.9224599003791809, 0.644859790802002]
2025-04-22 11:48:24,703 - INFO - size of results is 4
2025-04-22 11:48:24,703 - INFO - inception Run 20250422_113145 completed - Validation Accuracy: 80.28%, Validation Loss: 0.6033
2025-04-22 11:54:27,817 - INFO - Test results are [0.7319163084030151, 0.7694934606552124, 0.9085555076599121, 0.5560614466667175]
2025-04-22 11:54:27,818 - INFO - size of results is 4
2025-04-22 11:54:27,818 - INFO - inception Run 20250422_113145 - Test Accuracy: 76.95%, Test Loss: 0.7319
2025-04-22 11:54:27,821 - INFO - Ending training run 20250422_113145
2025-04-22 12:22:40,660 - INFO - Using CPU
2025-04-22 12:22:40,721 - INFO - Creating new data splits
2025-04-22 12:22:40,944 - INFO - New data splits saved to CSV files
2025-04-22 12:22:40,944 - INFO - Split sizes - Train: 6059, Val: 1070, Test: 5271
2025-04-22 12:22:43,400 - INFO - inception Starting training run 20250422_122243
2025-04-22 12:23:05,417 - INFO - Using CPU
2025-04-22 12:23:05,480 - INFO - Creating new data splits
2025-04-22 12:23:05,670 - INFO - New data splits saved to CSV files
2025-04-22 12:23:05,671 - INFO - Split sizes - Train: 6059, Val: 1070, Test: 5271
2025-04-22 12:23:08,221 - INFO - inception Starting training run 20250422_122308
2025-04-22 12:33:25,921 - INFO - Epoch 1 - Train Loss: 1.1291, Train Acc: 0.5834, Val Loss: 0.6292, Val Acc: 0.7804
2025-04-22 12:43:16,251 - INFO - Epoch 2 - Train Loss: 0.7621, Train Acc: 0.7112, Val Loss: 0.5865, Val Acc: 0.7645
2025-04-22 12:52:55,559 - INFO - Epoch 3 - Train Loss: 0.7002, Train Acc: 0.7306, Val Loss: 0.5146, Val Acc: 0.8000
2025-04-22 13:02:28,294 - INFO - Epoch 4 - Train Loss: 0.6518, Train Acc: 0.7481, Val Loss: 0.4578, Val Acc: 0.8206
2025-04-22 13:12:23,229 - INFO - Epoch 5 - Train Loss: 0.6096, Train Acc: 0.7615, Val Loss: 0.4502, Val Acc: 0.8290
2025-04-22 13:22:45,608 - INFO - Epoch 6 - Train Loss: 0.6122, Train Acc: 0.7684, Val Loss: 0.4499, Val Acc: 0.8252
2025-04-22 13:32:21,652 - INFO - Epoch 7 - Train Loss: 0.6202, Train Acc: 0.7622, Val Loss: 0.4640, Val Acc: 0.8224
2025-04-22 17:01:01,429 - INFO - Using CPU
2025-04-22 17:02:32,563 - INFO - Using CPU
2025-04-22 17:06:47,576 - INFO - Using CPU
2025-04-22 23:19:56,910 - INFO - Using CPU
2025-04-22 23:19:56,951 - INFO - Starting run of all models, this may take a while to run, please be patient
2025-04-22 23:19:56,953 - INFO - Loading existing data splits from CSV files
2025-04-22 23:19:57,018 - INFO - Split sizes - Train: 6059, Val: 1070, Test: 5271
2025-04-22 23:20:48,822 - INFO - Using CPU
2025-04-22 23:22:21,131 - INFO - Using CPU
2025-04-22 23:25:21,644 - INFO - Using CPU
2025-04-22 23:27:50,645 - INFO - Using CPU
2025-04-22 23:29:31,449 - INFO - Using CPU
2025-04-22 23:29:31,482 - INFO - Loading existing data splits from CSV files
2025-04-22 23:29:31,536 - INFO - Split sizes - Train: 6059, Val: 1070, Test: 5271
2025-04-22 23:32:23,006 - INFO - Using CPU
2025-04-22 23:32:23,043 - INFO - Loading existing data splits from CSV files
2025-04-22 23:32:23,102 - INFO - Split sizes - Train: 6059, Val: 1070, Test: 5271
2025-04-22 23:33:05,792 - INFO - Using CPU
2025-04-22 23:33:05,842 - INFO - Loading existing data splits from CSV files
2025-04-22 23:33:05,917 - INFO - Split sizes - Train: 6059, Val: 1070, Test: 5271
2025-04-22 23:33:38,164 - INFO - Using CPU
2025-04-22 23:33:38,194 - INFO - Loading existing data splits from CSV files
2025-04-22 23:33:38,248 - INFO - Split sizes - Train: 6059, Val: 1070, Test: 5271
2025-04-22 23:38:48,458 - INFO - Using CPU
2025-04-22 23:38:48,494 - INFO - Loading existing data splits from CSV files
2025-04-22 23:38:48,548 - INFO - Split sizes - Train: 6059, Val: 1070, Test: 5271
2025-04-22 23:38:49,877 - INFO - cnn Starting training run 20250422_233849
2025-04-22 23:39:47,928 - INFO - Using CPU
2025-04-22 23:39:47,959 - INFO - Loading existing data splits from CSV files
2025-04-22 23:39:48,017 - INFO - Split sizes - Train: 6059, Val: 1070, Test: 5271
2025-04-22 23:39:48,899 - INFO - cnn Starting training run 20250422_233948
2025-04-22 23:45:11,536 - INFO - Using CPU
2025-04-22 23:45:11,570 - INFO - Loading existing data splits from CSV files
2025-04-22 23:45:11,633 - INFO - Split sizes - Train: 6059, Val: 1070, Test: 5271
2025-04-22 23:45:12,829 - INFO - cnn Starting training run 20250422_234512
2025-04-22 23:46:58,086 - INFO - Using CPU
2025-04-22 23:46:58,124 - INFO - Creating new data splits
2025-04-22 23:46:58,295 - INFO - New data splits saved to CSV files
2025-04-22 23:46:58,295 - INFO - Split sizes - Train: 6059, Val: 1070, Test: 5271
2025-04-22 23:46:59,290 - INFO - cnn Starting training run 20250422_234659
2025-04-22 23:50:17,664 - INFO - Using CPU
2025-04-22 23:50:17,699 - INFO - Creating new data splits
2025-04-22 23:50:17,836 - INFO - New data splits saved to CSV files
2025-04-22 23:50:17,836 - INFO - Split sizes - Train: 6059, Val: 1070, Test: 5271
2025-04-22 23:50:18,851 - INFO - cnn Starting training run 20250422_235018
2025-04-22 23:53:32,496 - INFO - Using CPU
2025-04-22 23:53:32,524 - INFO - Creating new data splits
2025-04-22 23:53:32,644 - INFO - New data splits saved to CSV files
2025-04-22 23:53:32,644 - INFO - Split sizes - Train: 6059, Val: 1070, Test: 5271
2025-04-22 23:53:33,706 - INFO - cnn Starting training run 20250422_235333
2025-04-23 00:01:36,697 - INFO - Using CPU
2025-04-23 00:01:36,739 - INFO - Creating new data splits
2025-04-23 00:01:36,903 - INFO - New data splits saved to CSV files
2025-04-23 00:01:36,904 - INFO - Split sizes - Train: 6059, Val: 1070, Test: 5271
2025-04-23 00:01:38,788 - INFO - cnn Starting training run 20250423_000138
2025-04-23 00:16:35,525 - INFO - Using CPU
2025-04-23 00:16:35,556 - INFO - Creating new data splits
2025-04-23 00:16:35,682 - INFO - New data splits saved to CSV files
2025-04-23 00:16:35,683 - INFO - Split sizes - Train: 6059, Val: 1070, Test: 5271
2025-04-23 00:16:36,929 - INFO - cnn Starting training run 20250423_001636
2025-04-23 00:17:30,354 - INFO - Using CPU
2025-04-23 00:17:30,385 - INFO - Creating new data splits
2025-04-23 00:17:30,515 - INFO - New data splits saved to CSV files
2025-04-23 00:17:30,515 - INFO - Split sizes - Train: 6059, Val: 1070, Test: 5271
2025-04-23 00:17:31,270 - INFO - cnn Starting training run 20250423_001731
2025-04-23 00:19:46,685 - INFO - Using CPU
2025-04-23 00:19:46,720 - INFO - Creating new data splits
2025-04-23 00:19:46,881 - INFO - New data splits saved to CSV files
2025-04-23 00:19:46,881 - INFO - Split sizes - Train: 6059, Val: 1070, Test: 5271
2025-04-23 00:19:47,727 - INFO - cnn Starting training run 20250423_001947
2025-04-23 01:24:16,926 - INFO - Epoch 1 - Train Loss: 1.4302, Train Acc: 0.5427, Val Loss: 5.4843, Val Acc: 0.0688
2025-04-23 01:24:42,525 - INFO - cnn Run 20250423_001947 completed - Validation Accuracy: 7.50%, Validation Loss: 5.4793
2025-04-23 01:39:53,872 - INFO - cnn Run 20250423_001947 - Test Accuracy: 8.56%, Test Loss: 4.9973
2025-04-23 01:39:53,877 - INFO - Ending training run 20250423_001947
2025-04-23 01:46:05,011 - INFO - Using CPU
2025-04-23 01:46:05,049 - INFO - Loading existing data splits from CSV files
2025-04-23 01:46:05,121 - INFO - Split sizes - Train: 6059, Val: 1070, Test: 5271
2025-04-23 01:47:52,700 - INFO - Using CPU
2025-04-23 01:49:53,066 - INFO - Using CPU
2025-04-23 01:49:53,117 - INFO - Loading existing data splits from CSV files
2025-04-23 01:49:53,356 - INFO - Split sizes - Train: 6059, Val: 1070, Test: 5271
2025-04-23 01:50:28,656 - INFO - Using CPU
2025-04-23 01:50:28,691 - INFO - Loading existing data splits from CSV files
2025-04-23 01:50:28,743 - INFO - Split sizes - Train: 6059, Val: 1070, Test: 5271
2025-04-23 01:50:30,479 - INFO - resnet50 Starting training run 20250423_015030
2025-04-23 01:56:37,706 - INFO - Epoch 1 - Train Loss: 1.6321, Train Acc: 0.3553, Val Loss: 1.4537, Val Acc: 0.4250
2025-04-23 01:56:52,648 - INFO - resnet50 Run 20250423_015030 completed - Validation Accuracy: 42.50%, Validation Loss: 1.4537
2025-04-23 02:03:45,717 - INFO - resnet50 Run 20250423_015030 - Test Accuracy: 33.77%, Test Loss: 1.5914
2025-04-23 02:03:45,721 - INFO - Ending training run 20250423_015030
2025-04-23 02:05:30,283 - INFO - Using CPU
2025-04-23 02:06:41,026 - INFO - Using CPU
2025-04-23 02:06:41,080 - INFO - Creating new data splits
2025-04-23 02:06:41,283 - INFO - New data splits saved to CSV files
2025-04-23 02:06:41,283 - INFO - Split sizes - Train: 6059, Val: 1070, Test: 5271
2025-04-23 02:07:30,438 - INFO - Using CPU
2025-04-23 02:07:30,467 - INFO - Creating new data splits
2025-04-23 02:07:30,594 - INFO - New data splits saved to CSV files
2025-04-23 02:07:30,595 - INFO - Split sizes - Train: 6059, Val: 1070, Test: 5271
2025-04-23 02:09:42,082 - INFO - Using CPU
2025-04-23 02:09:42,116 - INFO - Creating new data splits
2025-04-23 02:09:42,250 - INFO - New data splits saved to CSV files
2025-04-23 02:09:42,251 - INFO - Split sizes - Train: 6059, Val: 1070, Test: 5271
2025-04-23 02:10:25,352 - INFO - Using CPU
2025-04-23 02:10:25,384 - INFO - Creating new data splits
2025-04-23 02:10:25,525 - INFO - New data splits saved to CSV files
2025-04-23 02:10:25,525 - INFO - Split sizes - Train: 6059, Val: 1070, Test: 5271
2025-04-23 02:10:27,865 - INFO - mlp Starting training run 20250423_021027
2025-04-23 02:20:47,626 - INFO - Using CPU
2025-04-23 02:20:47,666 - INFO - Creating new data splits
2025-04-23 02:20:47,810 - INFO - New data splits saved to CSV files
2025-04-23 02:20:47,811 - INFO - Split sizes - Train: 6059, Val: 1070, Test: 5271
2025-04-23 02:20:50,201 - INFO - mlp Starting training run 20250423_022050
2025-04-23 02:22:40,841 - INFO - Using CPU
2025-04-23 02:22:40,875 - INFO - Creating new data splits
2025-04-23 02:22:41,028 - INFO - New data splits saved to CSV files
2025-04-23 02:22:41,028 - INFO - Split sizes - Train: 6059, Val: 1070, Test: 5271
2025-04-23 02:22:45,271 - INFO - mlp Starting training run 20250423_022245
2025-04-23 02:30:56,663 - INFO - Using CPU
2025-04-23 02:30:56,702 - INFO - Creating new data splits
2025-04-23 02:30:56,856 - INFO - New data splits saved to CSV files
2025-04-23 02:30:56,856 - INFO - Split sizes - Train: 6059, Val: 1070, Test: 5271
2025-04-23 02:31:00,374 - INFO - mlp Starting training run 20250423_023100
2025-04-23 02:32:56,116 - INFO - Using CPU
2025-04-23 02:32:56,148 - INFO - Creating new data splits
2025-04-23 02:32:56,295 - INFO - New data splits saved to CSV files
2025-04-23 02:32:56,295 - INFO - Split sizes - Train: 6059, Val: 1070, Test: 5271
2025-04-23 02:32:58,677 - INFO - mlp Starting training run 20250423_023258
2025-04-23 02:44:10,942 - INFO - Epoch 1 - Train Loss: 1.3096, Train Acc: 0.5100, Val Loss: 0.7909, Val Acc: 0.7140
2025-04-23 02:54:49,366 - INFO - Epoch 2 - Train Loss: 0.8651, Train Acc: 0.6830, Val Loss: 0.6221, Val Acc: 0.7766
2025-04-23 03:05:28,687 - INFO - Epoch 3 - Train Loss: 0.7071, Train Acc: 0.7373, Val Loss: 0.5236, Val Acc: 0.8037
2025-04-23 03:16:10,083 - INFO - Epoch 4 - Train Loss: 0.6439, Train Acc: 0.7549, Val Loss: 0.5099, Val Acc: 0.8159
2025-04-23 03:26:20,211 - INFO - Epoch 5 - Train Loss: 0.5804, Train Acc: 0.7866, Val Loss: 0.4802, Val Acc: 0.8262
2025-04-23 03:36:37,774 - INFO - Epoch 6 - Train Loss: 0.5507, Train Acc: 0.7874, Val Loss: 0.4964, Val Acc: 0.8178
2025-04-23 03:47:18,677 - INFO - Epoch 7 - Train Loss: 0.5253, Train Acc: 0.7988, Val Loss: 0.4414, Val Acc: 0.8318
2025-04-23 03:57:16,597 - INFO - Epoch 8 - Train Loss: 0.5228, Train Acc: 0.7955, Val Loss: 0.4737, Val Acc: 0.8262
2025-04-23 04:07:27,711 - INFO - Epoch 9 - Train Loss: 0.4802, Train Acc: 0.8110, Val Loss: 0.4082, Val Acc: 0.8477
2025-04-23 04:17:31,918 - INFO - Epoch 10 - Train Loss: 0.4727, Train Acc: 0.8137, Val Loss: 0.4353, Val Acc: 0.8402
2025-04-23 04:27:52,303 - INFO - Epoch 11 - Train Loss: 0.4536, Train Acc: 0.8193, Val Loss: 0.4330, Val Acc: 0.8374
2025-04-23 04:37:57,625 - INFO - Epoch 12 - Train Loss: 0.4488, Train Acc: 0.8222, Val Loss: 0.4322, Val Acc: 0.8430
2025-04-23 04:48:33,780 - INFO - Epoch 13 - Train Loss: 0.4183, Train Acc: 0.8348, Val Loss: 0.4102, Val Acc: 0.8486
2025-04-23 04:58:33,912 - INFO - Epoch 14 - Train Loss: 0.4062, Train Acc: 0.8394, Val Loss: 0.4251, Val Acc: 0.8383
2025-04-23 05:07:12,939 - INFO - mlp Run 20250423_023258 completed - Validation Accuracy: 84.77%, Validation Loss: 0.4082
2025-04-23 05:15:07,548 - INFO - mlp Run 20250423_023258 - Test Accuracy: 81.29%, Test Loss: 0.5112
2025-04-23 05:15:07,553 - INFO - Ending training run 20250423_023258
2025-04-23 13:01:30,812 - INFO - Using CPU
2025-04-23 13:01:30,851 - INFO - Creating new data splits
2025-04-23 13:01:31,042 - INFO - New data splits saved to CSV files
2025-04-23 13:01:31,042 - INFO - Split sizes - Train: 6059, Val: 1070, Test: 5271
2025-04-23 13:01:34,489 - INFO - inception Starting training run 20250423_130134
2025-04-23 13:15:48,502 - INFO - Epoch 1 - Train Loss: 1.2425, Train Acc: 0.5336, Val Loss: 0.6921, Val Acc: 0.7860
2025-04-23 13:29:21,865 - INFO - Using CPU
2025-04-23 13:29:21,903 - INFO - Creating new data splits
2025-04-23 13:29:22,032 - INFO - New data splits saved to CSV files
2025-04-23 13:29:22,032 - INFO - Split sizes - Train: 6059, Val: 1070, Test: 5271
2025-04-23 13:29:24,361 - INFO - inception Starting training run 20250423_132924
2025-04-23 13:38:19,191 - INFO - Epoch 1 - Train Loss: 1.2974, Train Acc: 0.5149, Val Loss: 0.7755, Val Acc: 0.7495
2025-04-23 13:46:02,106 - INFO - inception Run 20250423_132924 completed - Validation Accuracy: 74.95%, Validation Loss: 0.7755
2025-04-23 13:51:43,585 - INFO - inception Run 20250423_132924 - Test Accuracy: 67.62%, Test Loss: 0.9602
2025-04-23 14:13:46,103 - INFO - Ending training run 20250423_132924
2025-04-23 14:18:38,361 - INFO - Using CPU
2025-04-23 14:18:38,409 - INFO - Creating new data splits
2025-04-23 14:18:38,558 - INFO - New data splits saved to CSV files
2025-04-23 14:18:38,559 - INFO - Split sizes - Train: 6059, Val: 1070, Test: 5271
2025-04-23 14:18:40,876 - INFO - inception Starting training run 20250423_141840
2025-04-23 14:27:01,759 - INFO - Epoch 1 - Train Loss: 1.2803, Train Acc: 0.5197, Val Loss: 0.8102, Val Acc: 0.7206
2025-04-23 14:49:36,083 - INFO - Using CPU
2025-04-23 14:49:36,128 - INFO - Creating new data splits
2025-04-23 14:49:36,271 - INFO - New data splits saved to CSV files
2025-04-23 14:49:36,271 - INFO - Split sizes - Train: 6059, Val: 1070, Test: 5271
2025-04-23 14:49:38,620 - INFO - inception Starting training run 20250423_144938
2025-04-23 16:17:13,855 - INFO - Using CPU
2025-04-23 16:17:13,902 - INFO - Creating new data splits
2025-04-23 16:17:14,047 - INFO - New data splits saved to CSV files
2025-04-23 16:17:14,047 - INFO - Split sizes - Train: 6059, Val: 1070, Test: 5271
2025-04-23 16:17:16,441 - INFO - inception Starting training run 20250423_161716
2025-04-23 16:34:44,210 - INFO - Using CPU
2025-04-23 16:34:44,251 - INFO - Creating new data splits
2025-04-23 16:34:44,392 - INFO - New data splits saved to CSV files
2025-04-23 16:34:44,392 - INFO - Split sizes - Train: 6059, Val: 1070, Test: 5271
2025-04-23 16:34:46,531 - INFO - inception Starting training run 20250423_163446
2025-04-23 16:43:05,099 - INFO - Epoch 1 - Train Loss: 1.2648, Train Acc: 0.5298, Val Loss: 0.8032, Val Acc: 0.7402
2025-04-23 19:58:52,585 - INFO - Using CPU
2025-04-23 19:58:52,633 - INFO - Creating new data splits
2025-04-23 19:58:52,792 - INFO - New data splits saved to CSV files
2025-04-23 19:58:52,792 - INFO - Split sizes - Train: 6059, Val: 1070, Test: 5271
2025-04-23 19:58:55,040 - INFO - inception Starting training run 20250423_195855
2025-04-23 20:07:12,679 - INFO - Epoch 1 - Train Loss: 1.3346, Train Acc: 0.5059, Val Loss: 0.7717, Val Acc: 0.7673
2025-04-23 20:25:04,911 - INFO - Using CPU
2025-04-23 20:25:04,979 - INFO - Creating new data splits
2025-04-23 20:25:05,181 - INFO - New data splits saved to CSV files
2025-04-23 20:25:05,181 - INFO - Split sizes - Train: 6059, Val: 1070, Test: 5271
2025-04-23 20:25:07,343 - INFO - inception Starting training run 20250423_202507
2025-04-23 20:33:25,538 - INFO - Epoch 1 - Train Loss: 1.2782, Train Acc: 0.5212, Val Loss: 0.8397, Val Acc: 0.7336
2025-04-23 20:41:32,987 - INFO - Epoch 2 - Train Loss: 0.8523, Train Acc: 0.6864, Val Loss: 0.6576, Val Acc: 0.7626
2025-04-23 20:48:29,379 - INFO - inception Run 20250423_202507 completed - Validation Accuracy: 76.26%, Validation Loss: 0.6576
2025-04-23 20:54:09,290 - INFO - inception Run 20250423_202507 - Test Accuracy: 68.43%, Test Loss: 0.8293
2025-04-23 22:29:55,668 - INFO - Ending training run 20250423_202507
2025-04-23 22:30:38,567 - INFO - Using CPU
2025-04-23 22:30:38,602 - INFO - Creating new data splits
2025-04-23 22:30:38,746 - INFO - New data splits saved to CSV files
2025-04-23 22:30:38,746 - INFO - Split sizes - Train: 6059, Val: 1070, Test: 5271
2025-04-23 22:30:40,863 - INFO - inception Starting training run 20250423_223040
2025-04-23 22:38:57,955 - INFO - Epoch 1 - Train Loss: 1.2949, Train Acc: 0.5202, Val Loss: 0.7632, Val Acc: 0.7533
2025-04-23 22:47:04,373 - INFO - Epoch 2 - Train Loss: 0.8662, Train Acc: 0.6808, Val Loss: 0.6026, Val Acc: 0.7888
2025-04-23 22:55:10,253 - INFO - Epoch 3 - Train Loss: 0.7134, Train Acc: 0.7341, Val Loss: 0.5467, Val Acc: 0.8037
2025-04-23 23:03:17,833 - INFO - Epoch 4 - Train Loss: 0.6257, Train Acc: 0.7625, Val Loss: 0.4755, Val Acc: 0.8336
2025-04-23 23:11:25,351 - INFO - Epoch 5 - Train Loss: 0.5755, Train Acc: 0.7798, Val Loss: 0.5079, Val Acc: 0.8178
2025-04-23 23:19:31,486 - INFO - Epoch 6 - Train Loss: 0.5337, Train Acc: 0.7914, Val Loss: 0.4505, Val Acc: 0.8280
2025-04-23 23:27:37,161 - INFO - Epoch 7 - Train Loss: 0.5204, Train Acc: 0.8038, Val Loss: 0.4833, Val Acc: 0.8196
2025-04-23 23:35:41,305 - INFO - Epoch 8 - Train Loss: 0.5050, Train Acc: 0.8043, Val Loss: 0.4647, Val Acc: 0.8327
2025-04-23 23:43:46,981 - INFO - Epoch 9 - Train Loss: 0.4832, Train Acc: 0.8147, Val Loss: 0.4734, Val Acc: 0.8290
2025-04-23 23:51:54,770 - INFO - Epoch 10 - Train Loss: 0.4514, Train Acc: 0.8275, Val Loss: 0.4489, Val Acc: 0.8374
2025-04-24 00:00:02,645 - INFO - Epoch 11 - Train Loss: 0.4394, Train Acc: 0.8280, Val Loss: 0.4289, Val Acc: 0.8467
2025-04-24 00:08:11,973 - INFO - Epoch 12 - Train Loss: 0.4271, Train Acc: 0.8351, Val Loss: 0.4354, Val Acc: 0.8421
2025-04-24 00:16:59,998 - INFO - Epoch 13 - Train Loss: 0.4342, Train Acc: 0.8305, Val Loss: 0.4026, Val Acc: 0.8505
2025-04-24 00:25:33,870 - INFO - Epoch 14 - Train Loss: 0.4123, Train Acc: 0.8406, Val Loss: 0.4173, Val Acc: 0.8449
2025-04-24 00:33:33,476 - INFO - Epoch 15 - Train Loss: 0.4131, Train Acc: 0.8355, Val Loss: 0.4257, Val Acc: 0.8486
2025-04-24 00:41:27,626 - INFO - Epoch 16 - Train Loss: 0.4212, Train Acc: 0.8366, Val Loss: 0.4141, Val Acc: 0.8477
2025-04-24 00:49:25,498 - INFO - Epoch 17 - Train Loss: 0.3982, Train Acc: 0.8439, Val Loss: 0.4159, Val Acc: 0.8467
2025-04-24 00:58:09,317 - INFO - Epoch 18 - Train Loss: 0.4014, Train Acc: 0.8455, Val Loss: 0.4189, Val Acc: 0.8486
2025-04-24 01:05:26,374 - INFO - inception Run 20250423_223040 completed - Validation Accuracy: 85.05%, Validation Loss: 0.4026
2025-04-24 01:11:19,172 - INFO - inception Run 20250423_223040 - Test Accuracy: 81.98%, Test Loss: 0.5046
2025-04-24 01:12:52,584 - INFO - Ending training run 20250423_223040
2025-04-24 01:24:10,440 - INFO - Using CPU
2025-04-24 01:24:10,482 - INFO - Loading existing data splits from CSV files
2025-04-24 01:24:10,551 - INFO - Split sizes - Train: 6059, Val: 1070, Test: 5271
2025-04-24 01:24:12,329 - INFO - resnet50 Starting training run 20250424_012412
2025-04-24 01:28:43,987 - INFO - Epoch 1 - Train Loss: 1.6231, Train Acc: 0.3574, Val Loss: 1.4659, Val Acc: 0.3938
2025-04-24 01:33:29,989 - INFO - resnet50 Run 20250424_012412 completed - Validation Accuracy: 39.38%, Validation Loss: 1.4659
2025-04-24 01:38:17,938 - INFO - resnet50 Run 20250424_012412 - Test Accuracy: 30.58%, Test Loss: 1.6219
2025-04-24 01:39:02,048 - INFO - Ending training run 20250424_012412
2025-04-24 01:39:02,049 - INFO - Ending training run 20250424_012412
2025-04-24 01:40:05,525 - INFO - Using CPU
2025-04-24 01:40:05,588 - INFO - Loading existing data splits from CSV files
2025-04-24 01:40:05,656 - INFO - Split sizes - Train: 6059, Val: 1070, Test: 5271
2025-04-24 01:40:07,284 - INFO - resnet50 Starting training run 20250424_014007
2025-04-24 01:44:58,565 - INFO - Epoch 1 - Train Loss: 1.6360, Train Acc: 0.3547, Val Loss: 1.4727, Val Acc: 0.4688
2025-04-24 01:49:40,807 - INFO - Epoch 2 - Train Loss: 1.5264, Train Acc: 0.4162, Val Loss: 1.3471, Val Acc: 0.5063
2025-04-24 01:54:23,950 - INFO - Epoch 3 - Train Loss: 1.4594, Train Acc: 0.4356, Val Loss: 1.2842, Val Acc: 0.5375
2025-04-24 01:59:12,111 - INFO - Epoch 4 - Train Loss: 1.3761, Train Acc: 0.4770, Val Loss: 1.1951, Val Acc: 0.5938
2025-04-24 02:03:56,825 - INFO - Epoch 5 - Train Loss: 1.3000, Train Acc: 0.5251, Val Loss: 1.1166, Val Acc: 0.6125
2025-04-24 02:08:41,156 - INFO - Epoch 6 - Train Loss: 1.2359, Train Acc: 0.5490, Val Loss: 1.0140, Val Acc: 0.7000
2025-04-24 02:13:19,155 - INFO - Epoch 7 - Train Loss: 1.1804, Train Acc: 0.5807, Val Loss: 0.9705, Val Acc: 0.6562
2025-04-24 02:17:58,182 - INFO - Epoch 8 - Train Loss: 1.1306, Train Acc: 0.5987, Val Loss: 0.9428, Val Acc: 0.7063
2025-04-24 02:22:37,796 - INFO - Epoch 9 - Train Loss: 1.0967, Train Acc: 0.6075, Val Loss: 0.9307, Val Acc: 0.6250
2025-04-24 02:27:16,658 - INFO - Epoch 10 - Train Loss: 1.0581, Train Acc: 0.6185, Val Loss: 0.8972, Val Acc: 0.7125
2025-04-24 02:31:56,347 - INFO - Epoch 11 - Train Loss: 1.0338, Train Acc: 0.6337, Val Loss: 0.8203, Val Acc: 0.7188
2025-04-24 02:36:24,797 - INFO - Epoch 12 - Train Loss: 1.0014, Train Acc: 0.6319, Val Loss: 0.8056, Val Acc: 0.7375
2025-04-24 02:40:47,135 - INFO - Epoch 13 - Train Loss: 0.9941, Train Acc: 0.6352, Val Loss: 0.7940, Val Acc: 0.7063
2025-04-24 02:45:08,435 - INFO - Epoch 14 - Train Loss: 0.9770, Train Acc: 0.6364, Val Loss: 0.8065, Val Acc: 0.6875
2025-04-24 02:49:30,594 - INFO - Epoch 15 - Train Loss: 0.9467, Train Acc: 0.6506, Val Loss: 0.7680, Val Acc: 0.6938
2025-04-24 02:53:52,668 - INFO - Epoch 16 - Train Loss: 0.9463, Train Acc: 0.6476, Val Loss: 0.7622, Val Acc: 0.7375
2025-04-24 02:58:16,227 - INFO - Epoch 17 - Train Loss: 0.9311, Train Acc: 0.6539, Val Loss: 0.7262, Val Acc: 0.7437
2025-04-24 03:02:40,130 - INFO - Epoch 18 - Train Loss: 0.9174, Train Acc: 0.6589, Val Loss: 0.7256, Val Acc: 0.7437
2025-04-24 03:07:02,687 - INFO - Epoch 19 - Train Loss: 0.9165, Train Acc: 0.6556, Val Loss: 0.7337, Val Acc: 0.7375
2025-04-24 03:11:25,194 - INFO - Epoch 20 - Train Loss: 0.8887, Train Acc: 0.6649, Val Loss: 0.7182, Val Acc: 0.7625
2025-04-24 03:15:58,584 - INFO - resnet50 Run 20250424_014007 completed - Validation Accuracy: 76.25%, Validation Loss: 0.7182
2025-04-24 03:20:16,914 - INFO - resnet50 Run 20250424_014007 - Test Accuracy: 70.39%, Test Loss: 0.8851
2025-04-24 07:53:22,551 - INFO - Ending training run 20250424_014007
2025-04-24 07:53:22,554 - INFO - Ending training run 20250424_014007
2025-04-24 10:57:48,034 - INFO - Using CPU
2025-04-24 10:57:48,074 - INFO - Creating new data splits
2025-04-24 10:57:48,237 - INFO - New data splits saved to CSV files
2025-04-24 10:57:48,237 - INFO - Split sizes - Train: 6059, Val: 1070, Test: 5271
2025-04-24 10:57:49,548 - INFO - cnn Starting training run 20250424_105749
2025-04-24 15:52:41,777 - INFO - Epoch 1 - Train Loss: 1.3845, Train Acc: 0.5557, Val Loss: 2.9192, Val Acc: 0.0875
2025-04-24 16:35:24,464 - INFO - Epoch 2 - Train Loss: 0.9175, Train Acc: 0.6924, Val Loss: 3.0776, Val Acc: 0.0625
2025-04-24 17:13:33,750 - INFO - Epoch 3 - Train Loss: 0.7814, Train Acc: 0.7338, Val Loss: 1.3750, Val Acc: 0.5375
2025-04-24 17:50:54,128 - INFO - Epoch 4 - Train Loss: 0.7086, Train Acc: 0.7582, Val Loss: 0.8185, Val Acc: 0.7625
2025-04-24 18:28:36,503 - INFO - Epoch 5 - Train Loss: 0.6247, Train Acc: 0.7876, Val Loss: 0.5662, Val Acc: 0.7937
2025-04-24 19:06:49,229 - INFO - Epoch 6 - Train Loss: 0.5726, Train Acc: 0.7970, Val Loss: 0.5833, Val Acc: 0.8000
2025-04-24 19:47:54,408 - INFO - Epoch 7 - Train Loss: 0.5417, Train Acc: 0.8062, Val Loss: 0.4156, Val Acc: 0.8500
2025-04-24 20:26:27,726 - INFO - Epoch 8 - Train Loss: 0.5323, Train Acc: 0.8123, Val Loss: 0.5522, Val Acc: 0.8250
2025-04-24 21:04:07,320 - INFO - Epoch 9 - Train Loss: 0.4944, Train Acc: 0.8264, Val Loss: 0.4492, Val Acc: 0.8000
2025-04-24 23:02:37,070 - INFO - Using CPU
2025-04-24 23:02:37,114 - INFO - Creating new data splits
2025-04-24 23:02:37,260 - INFO - New data splits saved to CSV files
2025-04-24 23:02:37,261 - INFO - Split sizes - Train: 6059, Val: 1070, Test: 5271
2025-04-24 23:02:38,742 - INFO - cnn Starting training run 20250424_230238
2025-04-24 23:45:31,432 - INFO - Epoch 1 - Train Loss: 1.4853, Train Acc: 0.5052, Val Loss: 2.7029, Val Acc: 0.2937
2025-04-25 00:27:38,019 - INFO - Epoch 2 - Train Loss: 0.8854, Train Acc: 0.6816, Val Loss: 2.3038, Val Acc: 0.3313
2025-04-25 01:09:14,580 - INFO - Epoch 3 - Train Loss: 0.7600, Train Acc: 0.7297, Val Loss: 1.6339, Val Acc: 0.5938
2025-04-25 01:50:35,078 - INFO - Epoch 4 - Train Loss: 0.6436, Train Acc: 0.7666, Val Loss: 0.5607, Val Acc: 0.8062
2025-04-25 02:29:19,773 - INFO - Epoch 5 - Train Loss: 0.5856, Train Acc: 0.7843, Val Loss: 0.9175, Val Acc: 0.6562
2025-04-25 03:07:20,630 - INFO - Epoch 6 - Train Loss: 0.5477, Train Acc: 0.7977, Val Loss: 1.9855, Val Acc: 0.6438
2025-04-25 03:45:13,394 - INFO - Epoch 7 - Train Loss: 0.5241, Train Acc: 0.8076, Val Loss: 0.5669, Val Acc: 0.7875
2025-04-25 04:23:08,743 - INFO - Epoch 8 - Train Loss: 0.4099, Train Acc: 0.8500, Val Loss: 0.3933, Val Acc: 0.8562
2025-04-25 05:01:40,244 - INFO - Epoch 9 - Train Loss: 0.4043, Train Acc: 0.8520, Val Loss: 0.3658, Val Acc: 0.8687
2025-04-25 05:40:05,528 - INFO - Epoch 10 - Train Loss: 0.3916, Train Acc: 0.8548, Val Loss: 0.3722, Val Acc: 0.8813
2025-04-25 06:18:34,534 - INFO - Epoch 11 - Train Loss: 0.3964, Train Acc: 0.8548, Val Loss: 0.4439, Val Acc: 0.8625
2025-04-25 06:56:37,759 - INFO - Epoch 12 - Train Loss: 0.3655, Train Acc: 0.8683, Val Loss: 0.3848, Val Acc: 0.8938
2025-04-25 07:35:03,283 - INFO - Epoch 13 - Train Loss: 0.3476, Train Acc: 0.8742, Val Loss: 0.3129, Val Acc: 0.8875
2025-04-25 08:12:56,234 - INFO - Epoch 14 - Train Loss: 0.3454, Train Acc: 0.8769, Val Loss: 0.3730, Val Acc: 0.8875
2025-04-25 08:50:53,384 - INFO - Epoch 15 - Train Loss: 0.3331, Train Acc: 0.8818, Val Loss: 0.3345, Val Acc: 0.8875
2025-04-25 09:28:49,703 - INFO - Epoch 16 - Train Loss: 0.3290, Train Acc: 0.8846, Val Loss: 0.3241, Val Acc: 0.8938
2025-04-25 10:06:45,369 - INFO - Epoch 17 - Train Loss: 0.3212, Train Acc: 0.8874, Val Loss: 0.3229, Val Acc: 0.8938
2025-04-25 10:46:16,849 - INFO - Epoch 18 - Train Loss: 0.3098, Train Acc: 0.8878, Val Loss: 0.3394, Val Acc: 0.9125
2025-04-25 10:56:56,087 - INFO - cnn Run 20250424_230238 completed - Validation Accuracy: 90.00%, Validation Loss: 0.3492
2025-04-25 11:04:48,300 - INFO - cnn Run 20250424_230238 - Test Accuracy: 84.42%, Test Loss: 0.4039
2025-04-25 11:13:21,027 - INFO - Ending training run 20250424_230238
2025-04-25 11:13:21,028 - INFO - Ending training run 20250424_230238
2025-04-25 11:15:19,783 - INFO - Using CPU
2025-04-25 11:15:19,822 - INFO - Creating new data splits
2025-04-25 11:15:19,970 - INFO - New data splits saved to CSV files
2025-04-25 11:15:19,971 - INFO - Split sizes - Train: 6059, Val: 1070, Test: 5271
2025-04-25 11:15:21,473 - INFO - cnn Starting training run 20250425_111521
2025-04-25 11:57:08,501 - INFO - Epoch 1 - Train Loss: 1.4375, Train Acc: 0.5267, Val Loss: 1.7016, Val Acc: 0.4625
2025-04-25 12:35:38,728 - INFO - Epoch 2 - Train Loss: 0.9612, Train Acc: 0.6610, Val Loss: 4.4003, Val Acc: 0.0437
2025-04-25 13:16:28,165 - INFO - Epoch 3 - Train Loss: 0.7311, Train Acc: 0.7391, Val Loss: 5.1643, Val Acc: 0.1000
2025-04-25 13:57:10,078 - INFO - Epoch 4 - Train Loss: 0.6602, Train Acc: 0.7623, Val Loss: 0.8049, Val Acc: 0.6938
2025-04-25 14:35:10,058 - INFO - Epoch 5 - Train Loss: 0.6516, Train Acc: 0.7635, Val Loss: 1.4914, Val Acc: 0.5875
2025-04-25 15:12:20,782 - INFO - Epoch 6 - Train Loss: 0.5661, Train Acc: 0.7949, Val Loss: 1.4357, Val Acc: 0.4875
2025-04-25 15:50:36,452 - INFO - Epoch 7 - Train Loss: 0.5293, Train Acc: 0.8057, Val Loss: 0.8423, Val Acc: 0.7312
2025-04-25 16:29:24,146 - INFO - Epoch 8 - Train Loss: 0.4804, Train Acc: 0.8239, Val Loss: 0.5353, Val Acc: 0.8250
2025-04-28 11:02:48,910 - INFO - Using CPU
2025-04-28 11:03:11,956 - INFO - Using CPU
2025-04-28 11:03:12,011 - INFO - Creating new data splits
2025-04-28 11:03:12,260 - INFO - New data splits saved to CSV files
2025-04-28 11:03:12,260 - INFO - Split sizes - Train: 6059, Val: 1070, Test: 5271
2025-04-28 11:03:14,296 - INFO - cnn Starting training run 20250428_110314
2025-04-28 12:09:39,746 - INFO - Epoch 1 - Train Loss: 1.2881, Train Acc: 0.5758, Val Loss: 6.6669, Val Acc: 0.0875
2025-04-28 13:05:25,292 - INFO - Epoch 2 - Train Loss: 0.8470, Train Acc: 0.7028, Val Loss: 4.9390, Val Acc: 0.2250
2025-04-28 13:54:30,911 - INFO - Epoch 3 - Train Loss: 0.7569, Train Acc: 0.7341, Val Loss: 0.9429, Val Acc: 0.7000
2025-04-28 14:34:49,243 - INFO - Epoch 4 - Train Loss: 0.6467, Train Acc: 0.7759, Val Loss: 1.6571, Val Acc: 0.5625
2025-04-28 15:14:32,799 - INFO - Epoch 5 - Train Loss: 0.5725, Train Acc: 0.7919, Val Loss: 2.9348, Val Acc: 0.4938
2025-04-28 15:55:02,488 - INFO - Epoch 6 - Train Loss: 0.5382, Train Acc: 0.8049, Val Loss: 0.6675, Val Acc: 0.7625
2025-04-28 16:35:16,058 - INFO - Epoch 7 - Train Loss: 0.4919, Train Acc: 0.8181, Val Loss: 0.6187, Val Acc: 0.7625
2025-04-28 17:14:52,110 - INFO - Epoch 8 - Train Loss: 0.4741, Train Acc: 0.8297, Val Loss: 1.0259, Val Acc: 0.7000
2025-04-28 17:54:28,835 - INFO - Epoch 9 - Train Loss: 0.4591, Train Acc: 0.8343, Val Loss: 0.3973, Val Acc: 0.8625
2025-04-28 18:34:31,160 - INFO - Epoch 10 - Train Loss: 0.4471, Train Acc: 0.8389, Val Loss: 0.5519, Val Acc: 0.8313
2025-04-28 19:14:02,790 - INFO - Epoch 11 - Train Loss: 0.4263, Train Acc: 0.8501, Val Loss: 4.1132, Val Acc: 0.4313
2025-04-28 19:54:03,232 - INFO - Epoch 12 - Train Loss: 0.4613, Train Acc: 0.8325, Val Loss: 0.5688, Val Acc: 0.8000
2025-04-28 20:34:16,338 - INFO - Epoch 13 - Train Loss: 0.3927, Train Acc: 0.8561, Val Loss: 0.6005, Val Acc: 0.8125
2025-04-28 21:14:13,864 - INFO - Epoch 14 - Train Loss: 0.5135, Train Acc: 0.8145, Val Loss: 0.6075, Val Acc: 0.7875
2025-04-28 21:22:32,956 - INFO - cnn Run 20250428_110314 completed - Validation Accuracy: 86.87%, Validation Loss: 0.3901
2025-04-28 21:30:07,487 - INFO - cnn Run 20250428_110314 - Test Accuracy: 81.16%, Test Loss: 0.5176
2025-04-29 02:39:23,725 - INFO - Ending training run 20250428_110314
2025-04-29 02:39:23,726 - INFO - Ending training run 20250428_110314
2025-04-29 02:40:57,268 - INFO - Using CPU
2025-04-29 02:40:57,315 - INFO - Creating new data splits
2025-04-29 02:40:57,474 - INFO - New data splits saved to CSV files
2025-04-29 02:40:57,475 - INFO - Split sizes - Train: 6059, Val: 1070, Test: 5271
2025-04-29 02:40:59,963 - INFO - inception Starting training run 20250429_024059
2025-04-29 02:52:10,851 - INFO - Epoch 1 - Train Loss: 1.2858, Train Acc: 0.5093, Val Loss: 0.7917, Val Acc: 0.7701
2025-04-29 03:02:15,339 - INFO - Epoch 2 - Train Loss: 0.8705, Train Acc: 0.6905, Val Loss: 0.5952, Val Acc: 0.7991
2025-04-29 03:12:21,425 - INFO - Epoch 3 - Train Loss: 0.7243, Train Acc: 0.7318, Val Loss: 0.5274, Val Acc: 0.8131
2025-04-29 03:22:53,645 - INFO - Epoch 4 - Train Loss: 0.6366, Train Acc: 0.7554, Val Loss: 0.5019, Val Acc: 0.8178
2025-04-29 03:32:11,250 - INFO - Epoch 5 - Train Loss: 0.5906, Train Acc: 0.7787, Val Loss: 0.4568, Val Acc: 0.8299
2025-04-29 03:41:51,291 - INFO - Epoch 6 - Train Loss: 0.5579, Train Acc: 0.7878, Val Loss: 0.4926, Val Acc: 0.8215
2025-04-29 03:51:39,928 - INFO - Epoch 7 - Train Loss: 0.5359, Train Acc: 0.7920, Val Loss: 0.4578, Val Acc: 0.8308
2025-04-29 04:00:57,524 - INFO - Epoch 8 - Train Loss: 0.5170, Train Acc: 0.8010, Val Loss: 0.4359, Val Acc: 0.8393
2025-04-29 04:10:29,434 - INFO - Epoch 9 - Train Loss: 0.4958, Train Acc: 0.8133, Val Loss: 0.4372, Val Acc: 0.8374
2025-04-29 04:19:54,650 - INFO - Epoch 10 - Train Loss: 0.4839, Train Acc: 0.8097, Val Loss: 0.4255, Val Acc: 0.8421
2025-04-29 04:29:55,458 - INFO - Epoch 11 - Train Loss: 0.4642, Train Acc: 0.8251, Val Loss: 0.4385, Val Acc: 0.8411
2025-04-29 04:39:14,062 - INFO - Epoch 12 - Train Loss: 0.4408, Train Acc: 0.8312, Val Loss: 0.4514, Val Acc: 0.8327
2025-04-29 04:48:51,304 - INFO - Epoch 13 - Train Loss: 0.4506, Train Acc: 0.8241, Val Loss: 0.4364, Val Acc: 0.8383
2025-04-29 04:58:05,092 - INFO - Epoch 14 - Train Loss: 0.4106, Train Acc: 0.8424, Val Loss: 0.4048, Val Acc: 0.8514
2025-04-29 05:07:31,616 - INFO - Epoch 15 - Train Loss: 0.4009, Train Acc: 0.8435, Val Loss: 0.3990, Val Acc: 0.8495
2025-04-29 05:17:11,392 - INFO - Epoch 16 - Train Loss: 0.3871, Train Acc: 0.8496, Val Loss: 0.3923, Val Acc: 0.8514
2025-04-29 05:26:54,055 - INFO - Epoch 17 - Train Loss: 0.3737, Train Acc: 0.8533, Val Loss: 0.3882, Val Acc: 0.8505
2025-04-29 05:36:36,731 - INFO - Epoch 18 - Train Loss: 0.3728, Train Acc: 0.8516, Val Loss: 0.3927, Val Acc: 0.8551
2025-04-29 05:46:21,352 - INFO - Epoch 19 - Train Loss: 0.3796, Train Acc: 0.8511, Val Loss: 0.3994, Val Acc: 0.8533
2025-04-29 05:55:55,708 - INFO - Epoch 20 - Train Loss: 0.3752, Train Acc: 0.8538, Val Loss: 0.3754, Val Acc: 0.8589
2025-04-29 06:03:53,176 - INFO - inception Run 20250429_024059 completed - Validation Accuracy: 85.89%, Validation Loss: 0.3754
2025-04-29 06:11:47,815 - INFO - inception Run 20250429_024059 - Test Accuracy: 83.10%, Test Loss: 0.4770
2025-04-29 12:00:27,029 - INFO - Ending training run 20250429_024059
2025-04-29 12:03:29,528 - INFO - Using CPU
2025-04-29 12:03:29,566 - INFO - Creating new data splits
2025-04-29 12:03:29,730 - INFO - New data splits saved to CSV files
2025-04-29 12:03:29,730 - INFO - Split sizes - Train: 6059, Val: 1070, Test: 5271
2025-04-29 12:03:34,079 - INFO - inception Starting training run 20250429_120334
2025-04-29 12:16:34,365 - INFO - Epoch 1 - Train Loss: 1.2611, Train Acc: 0.5192, Val Loss: 0.8320, Val Acc: 0.7019
2025-04-29 12:28:20,964 - INFO - Epoch 2 - Train Loss: 0.8435, Train Acc: 0.6844, Val Loss: 0.5943, Val Acc: 0.7963
2025-04-29 12:41:52,476 - INFO - Epoch 3 - Train Loss: 0.7243, Train Acc: 0.7336, Val Loss: 0.5248, Val Acc: 0.8075
2025-04-29 12:54:52,697 - INFO - Epoch 4 - Train Loss: 0.6390, Train Acc: 0.7576, Val Loss: 0.5175, Val Acc: 0.8140
2025-04-29 13:06:59,367 - INFO - Epoch 5 - Train Loss: 0.5762, Train Acc: 0.7782, Val Loss: 0.5255, Val Acc: 0.8084
2025-04-29 13:16:08,914 - INFO - Epoch 6 - Train Loss: 0.5449, Train Acc: 0.7963, Val Loss: 0.4565, Val Acc: 0.8336
2025-04-29 13:24:31,924 - INFO - Epoch 7 - Train Loss: 0.5203, Train Acc: 0.7986, Val Loss: 0.4583, Val Acc: 0.8262
2025-04-29 13:32:56,390 - INFO - Epoch 8 - Train Loss: 0.5031, Train Acc: 0.8112, Val Loss: 0.4910, Val Acc: 0.8168
2025-04-29 13:41:24,466 - INFO - Epoch 9 - Train Loss: 0.4904, Train Acc: 0.8081, Val Loss: 0.4218, Val Acc: 0.8421
2025-04-29 13:49:48,779 - INFO - Epoch 10 - Train Loss: 0.4669, Train Acc: 0.8148, Val Loss: 0.4974, Val Acc: 0.8206
2025-04-29 13:58:13,933 - INFO - Epoch 11 - Train Loss: 0.4317, Train Acc: 0.8305, Val Loss: 0.4384, Val Acc: 0.8383
2025-04-29 14:06:39,074 - INFO - Epoch 12 - Train Loss: 0.4483, Train Acc: 0.8287, Val Loss: 0.4733, Val Acc: 0.8271
2025-04-29 14:15:05,312 - INFO - Epoch 13 - Train Loss: 0.3977, Train Acc: 0.8445, Val Loss: 0.4078, Val Acc: 0.8486
2025-04-29 14:23:33,444 - INFO - Epoch 14 - Train Loss: 0.3891, Train Acc: 0.8505, Val Loss: 0.4175, Val Acc: 0.8430
2025-04-29 14:31:58,260 - INFO - Epoch 15 - Train Loss: 0.3882, Train Acc: 0.8490, Val Loss: 0.4107, Val Acc: 0.8430
2025-04-29 14:40:27,840 - INFO - Epoch 16 - Train Loss: 0.3940, Train Acc: 0.8457, Val Loss: 0.4028, Val Acc: 0.8505
2025-04-29 14:48:57,311 - INFO - Epoch 17 - Train Loss: 0.3844, Train Acc: 0.8490, Val Loss: 0.3988, Val Acc: 0.8477
2025-04-29 14:57:25,504 - INFO - Epoch 18 - Train Loss: 0.3825, Train Acc: 0.8533, Val Loss: 0.3994, Val Acc: 0.8486
2025-04-29 15:05:52,851 - INFO - Epoch 19 - Train Loss: 0.3759, Train Acc: 0.8529, Val Loss: 0.3976, Val Acc: 0.8495
2025-04-29 15:14:19,472 - INFO - Epoch 20 - Train Loss: 0.3693, Train Acc: 0.8553, Val Loss: 0.4239, Val Acc: 0.8467
2025-04-29 15:21:34,450 - INFO - inception Run 20250429_120334 completed - Validation Accuracy: 84.95%, Validation Loss: 0.3976
2025-04-29 15:27:28,698 - INFO - inception Run 20250429_120334 - Test Accuracy: 82.70%, Test Loss: 0.4914
2025-05-01 14:48:05,484 - INFO - Using CPU
2025-05-01 14:48:05,538 - INFO - Creating new data splits
2025-05-01 14:48:05,781 - INFO - New data splits saved to CSV files
2025-05-01 14:48:05,783 - INFO - Split sizes - Train: 6059, Val: 1070, Test: 5271
2025-05-01 14:48:10,070 - INFO - inception Starting training run 20250501_144810
2025-05-01 14:59:42,210 - INFO - Epoch 1 - Train Loss: 1.2990, Train Acc: 0.5164, Val Loss: 0.8143, Val Acc: 0.7411
2025-05-01 15:13:51,863 - INFO - Epoch 2 - Train Loss: 0.8651, Train Acc: 0.6792, Val Loss: 0.6442, Val Acc: 0.7729
2025-05-01 15:31:11,026 - INFO - Epoch 3 - Train Loss: 0.7178, Train Acc: 0.7371, Val Loss: 0.5742, Val Acc: 0.7972
2025-05-01 15:46:05,704 - INFO - Epoch 4 - Train Loss: 0.6260, Train Acc: 0.7699, Val Loss: 0.4927, Val Acc: 0.8103
2025-05-01 16:00:21,527 - INFO - Epoch 5 - Train Loss: 0.5767, Train Acc: 0.7754, Val Loss: 0.5317, Val Acc: 0.8028
2025-05-01 16:16:01,959 - INFO - Epoch 6 - Train Loss: 0.5510, Train Acc: 0.7863, Val Loss: 0.5216, Val Acc: 0.8093
2025-05-01 16:26:49,212 - INFO - Epoch 7 - Train Loss: 0.5227, Train Acc: 0.7952, Val Loss: 0.4817, Val Acc: 0.8252
2025-05-01 16:35:55,219 - INFO - Epoch 8 - Train Loss: 0.5042, Train Acc: 0.8033, Val Loss: 0.4693, Val Acc: 0.8234
2025-05-01 16:47:04,263 - INFO - Epoch 9 - Train Loss: 0.4903, Train Acc: 0.8081, Val Loss: 0.4360, Val Acc: 0.8402
2025-05-01 16:56:45,984 - INFO - Epoch 10 - Train Loss: 0.4704, Train Acc: 0.8148, Val Loss: 0.4337, Val Acc: 0.8402
2025-05-01 17:06:28,720 - INFO - Epoch 11 - Train Loss: 0.4572, Train Acc: 0.8198, Val Loss: 0.4049, Val Acc: 0.8467
2025-05-01 17:15:17,441 - INFO - Epoch 12 - Train Loss: 0.4507, Train Acc: 0.8237, Val Loss: 0.4456, Val Acc: 0.8364
2025-05-01 17:26:43,198 - INFO - Epoch 13 - Train Loss: 0.4219, Train Acc: 0.8341, Val Loss: 0.4377, Val Acc: 0.8430
2025-05-01 17:36:45,022 - INFO - Epoch 14 - Train Loss: 0.4155, Train Acc: 0.8351, Val Loss: 0.4541, Val Acc: 0.8374
2025-05-01 17:46:13,225 - INFO - Epoch 15 - Train Loss: 0.3937, Train Acc: 0.8440, Val Loss: 0.4127, Val Acc: 0.8514
2025-05-01 17:57:33,470 - INFO - Epoch 16 - Train Loss: 0.3756, Train Acc: 0.8549, Val Loss: 0.3954, Val Acc: 0.8570
2025-05-01 18:06:56,742 - INFO - Epoch 17 - Train Loss: 0.3773, Train Acc: 0.8510, Val Loss: 0.3860, Val Acc: 0.8570
2025-05-01 18:15:43,450 - INFO - Epoch 18 - Train Loss: 0.3743, Train Acc: 0.8505, Val Loss: 0.4088, Val Acc: 0.8467
2025-05-01 18:24:27,681 - INFO - Epoch 19 - Train Loss: 0.3740, Train Acc: 0.8553, Val Loss: 0.4030, Val Acc: 0.8505
2025-05-01 18:33:25,640 - INFO - Epoch 20 - Train Loss: 0.3645, Train Acc: 0.8536, Val Loss: 0.3860, Val Acc: 0.8598
2025-05-01 18:40:58,946 - INFO - inception Run 20250501_144810 completed - Validation Accuracy: 85.70%, Validation Loss: 0.3860
2025-05-01 18:47:11,507 - INFO - inception Run 20250501_144810 - Test Accuracy: 82.79%, Test Loss: 0.4785
2025-05-02 10:54:12,537 - INFO - Ending training run 20250501_144810
2025-05-02 10:54:12,539 - INFO - Ending training run 20250501_144810
2025-05-05 09:44:54,863 - INFO - Using CPU
2025-05-05 09:44:54,925 - INFO - Creating new data splits
2025-05-05 09:44:55,123 - INFO - New data splits saved to CSV files
2025-05-05 09:44:55,124 - INFO - Split sizes - Train: 6059, Val: 1070, Test: 5271
2025-05-05 09:44:57,006 - INFO - cnn Starting training run 20250505_094457
2025-05-05 10:30:17,885 - INFO - Epoch 1 - Train Loss: 1.4438, Train Acc: 0.5186, Val Loss: 2.0684, Val Acc: 0.3063
2025-05-05 10:38:52,594 - INFO -                  precision    recall  f1-score   support

  Fetal abdomen       0.08      0.23      0.12       358
    Fetal brain       0.32      0.10      0.15      1472
    Fetal femur       0.44      0.02      0.03       524
   Fetal thorax       0.00      0.00      0.00       660
Maternal cervix       0.00      0.00      0.00       645
          Other       0.32      0.76      0.45      1612

       accuracy                           0.28      5271
      macro avg       0.20      0.18      0.13      5271
   weighted avg       0.24      0.28      0.19      5271

2025-05-05 10:39:12,529 - INFO - cnn Run 20250505_094457 completed - Validation Accuracy: 33.75%, Validation Loss: 2.0564
2025-05-05 10:49:29,883 - INFO - cnn Run 20250505_094457 - Test Accuracy: 27.45%, Test Loss: 2.2620
2025-05-05 10:49:47,349 - INFO - Ending training run 20250505_094457
2025-05-05 10:49:47,349 - INFO - Ending training run 20250505_094457
2025-05-05 11:14:51,677 - INFO - Using CPU
2025-05-05 11:14:51,732 - INFO - Creating new data splits
2025-05-05 11:14:52,064 - INFO - New data splits saved to CSV files
2025-05-05 11:14:52,067 - INFO - Split sizes - Train: 6059, Val: 1070, Test: 5271
2025-05-05 11:14:54,059 - INFO - cnn Starting training run 20250505_111454
2025-05-05 12:03:39,695 - INFO - Epoch 1 - Train Loss: 1.3661, Train Acc: 0.5465, Val Loss: 2.1076, Val Acc: 0.2812
2025-05-05 12:48:18,436 - INFO - Epoch 2 - Train Loss: 0.8675, Train Acc: 0.6948, Val Loss: 1.7911, Val Acc: 0.2562
2025-05-05 13:32:31,941 - INFO - Epoch 3 - Train Loss: 0.6965, Train Acc: 0.7538, Val Loss: 1.2554, Val Acc: 0.5813
2025-05-05 14:15:56,970 - INFO - Epoch 4 - Train Loss: 0.6195, Train Acc: 0.7813, Val Loss: 1.0297, Val Acc: 0.7125
2025-05-05 14:59:01,463 - INFO - Epoch 5 - Train Loss: 0.5542, Train Acc: 0.8005, Val Loss: 0.8221, Val Acc: 0.6438
2025-05-05 15:42:48,687 - INFO - Epoch 6 - Train Loss: 0.5345, Train Acc: 0.8140, Val Loss: 0.8172, Val Acc: 0.7312
2025-05-05 16:26:10,705 - INFO - Epoch 7 - Train Loss: 0.5042, Train Acc: 0.8216, Val Loss: 0.4819, Val Acc: 0.8625
2025-05-05 17:10:10,787 - INFO - Epoch 8 - Train Loss: 0.4636, Train Acc: 0.8331, Val Loss: 0.4480, Val Acc: 0.8562
2025-05-05 17:53:37,013 - INFO - Epoch 9 - Train Loss: 0.4467, Train Acc: 0.8397, Val Loss: 0.3984, Val Acc: 0.8750
2025-05-05 18:37:12,961 - INFO - Epoch 10 - Train Loss: 0.4121, Train Acc: 0.8548, Val Loss: 0.5142, Val Acc: 0.8438
2025-05-05 19:20:01,734 - INFO - Epoch 11 - Train Loss: 0.4260, Train Acc: 0.8483, Val Loss: 0.7163, Val Acc: 0.7688
2025-05-05 20:02:31,067 - INFO - Epoch 12 - Train Loss: 0.4079, Train Acc: 0.8581, Val Loss: 0.4513, Val Acc: 0.8562
2025-05-05 20:45:01,590 - INFO - Epoch 13 - Train Loss: 0.3777, Train Acc: 0.8648, Val Loss: 0.5449, Val Acc: 0.8188
2025-05-05 21:28:12,100 - INFO - Epoch 14 - Train Loss: 0.3662, Train Acc: 0.8696, Val Loss: 0.4089, Val Acc: 0.8687
2025-05-05 21:36:20,708 - INFO -                  precision    recall  f1-score   support

  Fetal abdomen       0.79      0.03      0.06       358
    Fetal brain       0.90      0.97      0.94      1472
    Fetal femur       0.74      0.73      0.74       524
   Fetal thorax       0.66      0.81      0.73       660
Maternal cervix       0.83      1.00      0.91       645
          Other       0.75      0.73      0.74      1612

       accuracy                           0.79      5271
      macro avg       0.78      0.71      0.68      5271
   weighted avg       0.79      0.79      0.77      5271

2025-05-05 21:36:40,766 - INFO - cnn Run 20250505_111454 completed - Validation Accuracy: 81.88%, Validation Loss: 0.5113
2025-05-05 21:46:58,213 - INFO - cnn Run 20250505_111454 - Test Accuracy: 79.06%, Test Loss: 0.6060
2025-05-05 23:23:55,399 - INFO - Ending training run 20250505_111454
2025-05-05 23:23:55,401 - INFO - Ending training run 20250505_111454
2025-05-05 23:27:21,096 - INFO - Using CPU
2025-05-05 23:27:21,382 - INFO - Loading existing data splits from CSV files
2025-05-05 23:27:21,531 - INFO - Split sizes - Train: 6059, Val: 1070, Test: 5271
2025-05-05 23:27:33,637 - INFO - resnet50 Starting training run 20250505_232733
2025-05-05 23:37:18,093 - INFO - Epoch 1 - Train Loss: 1.6258, Train Acc: 0.3574, Val Loss: 1.4576, Val Acc: 0.5000
2025-05-05 23:44:09,168 - INFO - Epoch 2 - Train Loss: 1.5421, Train Acc: 0.3941, Val Loss: 1.3648, Val Acc: 0.4812
2025-05-05 23:51:47,110 - INFO - Epoch 3 - Train Loss: 1.4829, Train Acc: 0.4147, Val Loss: 1.2900, Val Acc: 0.5375
2025-05-05 23:59:09,877 - INFO - Epoch 4 - Train Loss: 1.4088, Train Acc: 0.4556, Val Loss: 1.2148, Val Acc: 0.5437
2025-05-06 00:05:55,999 - INFO - Epoch 5 - Train Loss: 1.3474, Train Acc: 0.4890, Val Loss: 1.1580, Val Acc: 0.5750
2025-05-06 00:13:41,483 - INFO - Epoch 6 - Train Loss: 1.2824, Train Acc: 0.5257, Val Loss: 1.0818, Val Acc: 0.6687
2025-05-06 00:22:26,898 - INFO - Epoch 7 - Train Loss: 1.2135, Train Acc: 0.5653, Val Loss: 0.9942, Val Acc: 0.6750
2025-05-06 00:29:48,029 - INFO - Epoch 8 - Train Loss: 1.1750, Train Acc: 0.5748, Val Loss: 1.0343, Val Acc: 0.6875
2025-05-06 00:35:40,320 - INFO - Epoch 9 - Train Loss: 1.1539, Train Acc: 0.5770, Val Loss: 0.9693, Val Acc: 0.7063
2025-05-06 00:41:33,350 - INFO - Epoch 10 - Train Loss: 1.1284, Train Acc: 0.5861, Val Loss: 0.9329, Val Acc: 0.6812
2025-05-06 00:47:17,118 - INFO - Epoch 11 - Train Loss: 1.0842, Train Acc: 0.5985, Val Loss: 0.9209, Val Acc: 0.6687
2025-05-06 00:53:16,219 - INFO - Epoch 12 - Train Loss: 1.0610, Train Acc: 0.6067, Val Loss: 0.8756, Val Acc: 0.6938
2025-05-06 00:58:57,224 - INFO - Epoch 13 - Train Loss: 1.0504, Train Acc: 0.6137, Val Loss: 0.8251, Val Acc: 0.7375
2025-05-06 01:04:54,303 - INFO - Epoch 14 - Train Loss: 1.0322, Train Acc: 0.6131, Val Loss: 0.7783, Val Acc: 0.7500
2025-05-06 01:10:41,879 - INFO - Epoch 15 - Train Loss: 1.0024, Train Acc: 0.6300, Val Loss: 0.8030, Val Acc: 0.7625
2025-05-06 01:16:21,479 - INFO - Epoch 16 - Train Loss: 0.9693, Train Acc: 0.6405, Val Loss: 0.7794, Val Acc: 0.7063
2025-05-06 01:22:20,535 - INFO - Epoch 17 - Train Loss: 0.9701, Train Acc: 0.6405, Val Loss: 0.7277, Val Acc: 0.7563
2025-05-06 01:28:28,543 - INFO - Epoch 18 - Train Loss: 0.9488, Train Acc: 0.6459, Val Loss: 0.7192, Val Acc: 0.7563
2025-05-06 01:34:13,525 - INFO - Epoch 19 - Train Loss: 0.9526, Train Acc: 0.6387, Val Loss: 0.7464, Val Acc: 0.7750
2025-05-06 01:40:24,304 - INFO - Epoch 20 - Train Loss: 0.9350, Train Acc: 0.6519, Val Loss: 0.7313, Val Acc: 0.7437
2025-05-06 01:45:49,080 - INFO -                  precision    recall  f1-score   support

  Fetal abdomen       0.00      0.00      0.00       358
    Fetal brain       0.75      0.92      0.83      1472
    Fetal femur       0.00      0.00      0.00       524
   Fetal thorax       0.69      0.16      0.26       660
Maternal cervix       0.79      0.98      0.87       645
          Other       0.55      0.86      0.67      1612

       accuracy                           0.66      5271
      macro avg       0.46      0.49      0.44      5271
   weighted avg       0.56      0.66      0.58      5271

2025-05-06 01:46:00,892 - INFO - resnet50 Run 20250505_232733 completed - Validation Accuracy: 75.63%, Validation Loss: 0.7192
2025-05-06 01:52:33,716 - INFO - resnet50 Run 20250505_232733 - Test Accuracy: 66.14%, Test Loss: 0.9148
2025-05-06 12:05:37,636 - INFO - Ending training run 20250505_232733
2025-05-06 12:05:37,640 - INFO - Ending training run 20250505_232733
2025-05-06 12:08:39,586 - INFO - Using CPU
2025-05-06 12:08:39,627 - INFO - Creating new data splits
2025-05-06 12:08:39,779 - INFO - New data splits saved to CSV files
2025-05-06 12:08:39,779 - INFO - Split sizes - Train: 6059, Val: 1070, Test: 5271
2025-05-06 12:08:43,168 - INFO - inception Starting training run 20250506_120843
2025-05-06 12:28:16,695 - INFO - Epoch 1 - Train Loss: 1.2950, Train Acc: 0.4948, Val Loss: 0.7646, Val Acc: 0.7551
2025-05-06 12:39:18,033 - INFO - Epoch 2 - Train Loss: 0.8782, Train Acc: 0.6742, Val Loss: 0.6366, Val Acc: 0.7748
2025-05-06 12:49:01,585 - INFO - Epoch 3 - Train Loss: 0.7080, Train Acc: 0.7306, Val Loss: 0.5442, Val Acc: 0.7963
2025-05-06 12:58:09,741 - INFO - Epoch 4 - Train Loss: 0.6292, Train Acc: 0.7577, Val Loss: 0.5162, Val Acc: 0.8206
2025-05-06 13:07:18,631 - INFO - Epoch 5 - Train Loss: 0.6008, Train Acc: 0.7721, Val Loss: 0.4760, Val Acc: 0.8290
2025-05-06 13:16:42,517 - INFO - Epoch 6 - Train Loss: 0.5416, Train Acc: 0.7949, Val Loss: 0.4977, Val Acc: 0.8234
2025-05-06 13:26:30,541 - INFO - Epoch 7 - Train Loss: 0.5387, Train Acc: 0.7957, Val Loss: 0.4633, Val Acc: 0.8308
2025-05-06 13:36:27,344 - INFO - Epoch 8 - Train Loss: 0.5035, Train Acc: 0.7985, Val Loss: 0.4249, Val Acc: 0.8467
2025-05-06 13:46:03,053 - INFO - Epoch 9 - Train Loss: 0.4866, Train Acc: 0.8148, Val Loss: 0.4561, Val Acc: 0.8327
2025-05-06 13:55:15,633 - INFO - Epoch 10 - Train Loss: 0.4579, Train Acc: 0.8196, Val Loss: 0.4363, Val Acc: 0.8430
2025-05-06 14:04:37,112 - INFO - Epoch 11 - Train Loss: 0.4465, Train Acc: 0.8265, Val Loss: 0.4220, Val Acc: 0.8477
2025-05-06 14:14:16,262 - INFO - Epoch 12 - Train Loss: 0.4341, Train Acc: 0.8302, Val Loss: 0.3642, Val Acc: 0.8645
2025-05-06 14:23:25,207 - INFO - Epoch 13 - Train Loss: 0.4306, Train Acc: 0.8318, Val Loss: 0.4041, Val Acc: 0.8551
2025-05-06 14:36:27,642 - INFO - Epoch 14 - Train Loss: 0.4422, Train Acc: 0.8277, Val Loss: 0.3676, Val Acc: 0.8607
2025-05-06 14:50:51,078 - INFO - Epoch 15 - Train Loss: 0.4152, Train Acc: 0.8363, Val Loss: 0.3983, Val Acc: 0.8551
2025-05-06 15:08:06,639 - INFO - Epoch 16 - Train Loss: 0.3806, Train Acc: 0.8480, Val Loss: 0.3825, Val Acc: 0.8607
2025-05-06 15:17:58,547 - INFO - Epoch 17 - Train Loss: 0.3830, Train Acc: 0.8454, Val Loss: 0.3713, Val Acc: 0.8673
2025-05-06 15:24:05,173 - INFO -                  precision    recall  f1-score   support

  Fetal abdomen       0.65      0.72      0.68       358
    Fetal brain       0.94      0.96      0.95      1472
    Fetal femur       0.64      0.80      0.71       524
   Fetal thorax       0.81      0.80      0.81       660
Maternal cervix       0.94      1.00      0.97       645
          Other       0.85      0.72      0.78      1612

       accuracy                           0.84      5271
      macro avg       0.80      0.83      0.82      5271
   weighted avg       0.85      0.84      0.84      5271

2025-05-06 15:25:18,071 - INFO - inception Run 20250506_120843 completed - Validation Accuracy: 86.45%, Validation Loss: 0.3642
2025-05-06 15:31:22,718 - INFO - inception Run 20250506_120843 - Test Accuracy: 84.03%, Test Loss: 0.4441
2025-05-06 15:33:39,321 - INFO - Ending training run 20250506_120843
2025-05-06 15:33:39,322 - INFO - Ending training run 20250506_120843
